[0326/225934.747:ERROR:process_memory_win.cc(73)] ReadMemory at 0x7ff738950000 of 64 bytes failed: Only part of a ReadProcessMemory or WriteProcessMemory request was completed. (0x12B)
[0326/225934.949:WARNING:pe_image_reader.cc(340)] could not read dos header from C:\Program Files (x86)\Google\Chrome\Application\chrome.exe
[0326/225934.949:ERROR:process_memory_win.cc(73)] ReadMemory at 0x7ff8e7920000 of 64 bytes failed: Only part of a ReadProcessMemory or WriteProcessMemory request was completed. (0x12B)
[0326/225934.949:WARNING:pe_image_reader.cc(340)] could not read dos header from C:\Windows\SYSTEM32\ntdll.dll
[0326/225934.949:ERROR:process_memory_win.cc(73)] ReadMemory at 0x7ff8e6c10000 of 64 bytes failed: Only part of a ReadProcessMemory or WriteProcessMemory request was completed. (0x12B)
[0326/225935.404:WARNING:pe_image_reader.cc(340)] could not read dos header from C:\Windows\System32\KERNEL32.DLL
[0326/225935.404:ERROR:process_memory_win.cc(73)] ReadMemory at 0x7ff8e4ac0000 of 64 bytes failed: Only part of a ReadProcessMemory or WriteProcessMemory request was completed. (0x12B)
[0326/225935.404:WARNING:pe_image_reader.cc(340)] could not read dos header from C:\Windows\System32\KERNELBASE.dll
[0326/225935.405:ERROR:process_memory_win.cc(73)] ReadMemory at 0x7ff8b5840000 of 64 bytes failed: Only part of a ReadProcessMemory or WriteProcessMemory request was completed. (0x12B)
[0326/225935.405:WARNING:pe_image_reader.cc(340)] could not read dos header from C:\Program Files (x86)\Google\Chrome\Application\80.0.3987.149\chrome_elf.dll
[0326/225935.405:ERROR:process_memory_win.cc(73)] ReadMemory at 0x7ff8d96e0000 of 64 bytes failed: Only part of a ReadProcessMemory or WriteProcessMemory request was completed. (0x12B)
[0326/225935.405:WARNING:pe_image_reader.cc(340)] could not read dos header from C:\Windows\SYSTEM32\VERSION.dll
[0326/225935.405:ERROR:process_memory_win.cc(73)] ReadMemory at 0x7ff8e6ce0000 of 64 bytes failed: Only part of a ReadProcessMemory or WriteProcessMemory request was completed. (0x12B)
[0326/225935.405:WARNING:pe_image_reader.cc(340)] could not read dos header from C:\Windows\System32\msvcrt.dll
[0326/225935.405:ERROR:process_memory_win.cc(73)] ReadMemory at 0x7ff8e56b0000 of 64 bytes failed: Only part of a ReadProcessMemory or WriteProcessMemory request was completed. (0x12B)
[0326/225935.405:WARNING:pe_image_reader.cc(340)] could not read dos header from C:\Windows\System32\bcryptPrimitives.dll
[0326/225935.405:ERROR:process_memory_win.cc(73)] ReadMemory at 0x7ff8e6190000 of 64 bytes failed: Only part of a ReadProcessMemory or WriteProcessMemory request was completed. (0x12B)
[0326/225935.405:WARNING:pe_image_reader.cc(340)] could not read dos header from C:\Windows\System32\ADVAPI32.dll
[0326/225935.405:ERROR:process_memory_win.cc(73)] ReadMemory at 0x7ff8e6890000 of 64 bytes failed: Only part of a ReadProcessMemory or WriteProcessMemory request was completed. (0x12B)
[0326/225935.405:WARNING:pe_image_reader.cc(340)] could not read dos header from C:\Windows\System32\sechost.dll
[0326/225935.405:ERROR:process_memory_win.cc(73)] ReadMemory at 0x7ff8e6930000 of 64 bytes failed: Only part of a ReadProcessMemory or WriteProcessMemory request was completed. (0x12B)
[0326/225935.405:WARNING:pe_image_reader.cc(340)] could not read dos header from C:\Windows\System32\RPCRT4.dll
[0326/225935.405:ERROR:process_memory_win.cc(73)] ReadMemory at 0x7ff89d350000 of 64 bytes failed: Only part of a ReadProcessMemory or WriteProcessMemory request was completed. (0x12B)
[0326/225935.405:WARNING:pe_image_reader.cc(340)] could not read dos header from C:\Program Files (x86)\Google\Chrome\Application\80.0.3987.149\chrome.dll
[0326/225935.405:ERROR:process_memory_win.cc(73)] ReadMemory at 0x7ff8e6120000 of 64 bytes failed: Only part of a ReadProcessMemory or WriteProcessMemory request was completed. (0x12B)
[0326/225935.405:WARNING:pe_image_reader.cc(340)] could not read dos header from C:\Windows\System32\WS2_32.dll
[0326/225935.405:ERROR:process_memory_win.cc(73)] ReadMemory at 0x7ff8e7810000 of 64 bytes failed: Only part of a ReadProcessMemory or WriteProcessMemory request was completed. (0x12B)
[0326/225935.405:WARNING:pe_image_reader.cc(340)] could not read dos header from C:\Windows\System32\OLEAUT32.dll
[0326/225935.405:ERROR:process_memory_win.cc(73)] ReadMemory at 0x7ff8e48b0000 of 64 bytes failed: Only part of a ReadProcessMemory or WriteProcessMemory request was completed. (0x12B)
[0326/225935.405:WARNING:pe_image_reader.cc(340)] could not read dos header from C:\Windows\System32\msvcp_win.dll
[0326/225935.405:ERROR:process_memory_win.cc(73)] ReadMemory at 0x7ff8e4e30000 of 64 bytes failed: Only part of a ReadProcessMemory or WriteProcessMemory request was completed. (0x12B)
[0326/225935.405:WARNING:pe_image_reader.cc(340)] could not read dos header from C:\Windows\System32\ucrtbase.dll
[0326/225935.406:ERROR:process_memory_win.cc(73)] ReadMemory at 0x7ff8e6d80000 of 64 bytes failed: Only part of a ReadProcessMemory or WriteProcessMemory request was completed. (0x12B)
[0326/225935.406:WARNING:pe_image_reader.cc(340)] could not read dos header from C:\Windows\System32\combase.dll
[0326/225935.406:ERROR:process_memory_win.cc(73)] ReadMemory at 0x7ff8e4d70000 of 64 bytes failed: Only part of a ReadProcessMemory or WriteProcessMemory request was completed. (0x12B)
[0326/225935.406:WARNING:pe_image_reader.cc(340)] could not read dos header from C:\Windows\System32\WINTRUST.dll
[0326/225935.406:ERROR:process_memory_win.cc(73)] ReadMemory at 0x7ff8e4810000 of 64 bytes failed: Only part of a ReadProcessMemory or WriteProcessMemory request was completed. (0x12B)
[0326/225935.406:WARNING:pe_image_reader.cc(340)] could not read dos header from C:\Windows\System32\MSASN1.dll
[0326/225935.406:ERROR:process_memory_win.cc(73)] ReadMemory at 0x7ff8e4970000 of 64 bytes failed: Only part of a ReadProcessMemory or WriteProcessMemory request was completed. (0x12B)
[0326/225935.406:WARNING:pe_image_reader.cc(340)] could not read dos header from C:\Windows\System32\CRYPT32.dll
[0326/225935.406:ERROR:process_memory_win.cc(73)] ReadMemory at 0x7ff8e3d60000 of 64 bytes failed: Only part of a ReadProcessMemory or WriteProcessMemory request was completed. (0x12B)
[0326/225935.406:WARNING:pe_image_reader.cc(340)] could not read dos header from C:\Windows\SYSTEM32\IPHLPAPI.DLL
[0326/225935.406:ERROR:process_memory_win.cc(73)] ReadMemory at 0x7ff8e1630000 of 64 bytes failed: Only part of a ReadProcessMemory or WriteProcessMemory request was completed. (0x12B)
[0326/225935.406:WARNING:pe_image_reader.cc(340)] could not read dos header from C:\Windows\SYSTEM32\WINMM.dll
[0326/225935.406:ERROR:process_memory_win.cc(73)] ReadMemory at 0x7ff8d3000000 of 64 bytes failed: Only part of a ReadProcessMemory or WriteProcessMemory request was completed. (0x12B)
[0326/225935.406:WARNING:pe_image_reader.cc(340)] could not read dos header from C:\Windows\SYSTEM32\Secur32.dll
[0326/225935.406:ERROR:process_memory_win.cc(73)] ReadMemory at 0x7ff8e4700000 of 64 bytes failed: Only part of a ReadProcessMemory or WriteProcessMemory request was completed. (0x12B)
[0326/225935.406:WARNING:pe_image_reader.cc(340)] could not read dos header from C:\Windows\SYSTEM32\USERENV.dll
[0326/225935.406:ERROR:process_memory_win.cc(73)] ReadMemory at 0x7ff8e4880000 of 64 bytes failed: Only part of a ReadProcessMemory or WriteProcessMemory request was completed. (0x12B)
[0326/225935.406:WARNING:pe_image_reader.cc(340)] could not read dos header from C:\Windows\System32\profapi.dll
[0326/225935.406:ERROR:process_memory_win.cc(73)] ReadMemory at 0x7ff8c5f00000 of 64 bytes failed: Only part of a ReadProcessMemory or WriteProcessMemory request was completed. (0x12B)
[0326/225935.406:WARNING:pe_image_reader.cc(340)] could not read dos header from C:\Windows\SYSTEM32\UIAutomationCore.DLL
[0326/225935.406:ERROR:process_memory_win.cc(73)] ReadMemory at 0x7ff8d61a0000 of 64 bytes failed: Only part of a ReadProcessMemory or WriteProcessMemory request was completed. (0x12B)
[0326/225935.406:WARNING:pe_image_reader.cc(340)] could not read dos header from C:\Windows\SYSTEM32\DWrite.dll
[0326/225935.406:ERROR:process_memory_win.cc(73)] ReadMemory at 0x7ff8d4930000 of 64 bytes failed: Only part of a ReadProcessMemory or WriteProcessMemory request was completed. (0x12B)
[0326/225935.813:WARNING:pe_image_reader.cc(340)] could not read dos header from C:\Windows\SYSTEM32\WINSPOOL.DRV
[0326/225935.813:ERROR:process_memory_win.cc(73)] ReadMemory at 0x7ff8e47f0000 of 64 bytes failed: Only part of a ReadProcessMemory or WriteProcessMemory request was completed. (0x12B)
[0326/225935.813:WARNING:pe_image_reader.cc(340)] could not read dos header from C:\Windows\System32\kernel.appcore.dll
[0326/225935.813:ERROR:process_memory_win.cc(73)] ReadMemory at 0x7ff8e4dd0000 of 64 bytes failed: Only part of a ReadProcessMemory or WriteProcessMemory request was completed. (0x12B)
[0326/225935.813:WARNING:pe_image_reader.cc(340)] could not read dos header from C:\Windows\System32\bcrypt.dll
[0326/225935.813:ERROR:process_memory_win.cc(73)] ReadMemory at 0x7ff8e3120000 of 64 bytes failed: Only part of a ReadProcessMemory or WriteProcessMemory request was completed. (0x12B)
[0326/225935.813:WARNING:pe_image_reader.cc(340)] could not read dos header from C:\Windows\SYSTEM32\dbghelp.dll
[0326/225935.814:ERROR:process_memory_win.cc(73)] ReadMemory at 0x7ff8d7bc0000 of 64 bytes failed: Only part of a ReadProcessMemory or WriteProcessMemory request was completed. (0x12B)
[0326/225935.814:WARNING:pe_image_reader.cc(340)] could not read dos header from C:\Windows\SYSTEM32\WINHTTP.dll
[0326/225935.814:ERROR:process_memory_win.cc(73)] ReadMemory at 0x7ff8d9c20000 of 64 bytes failed: Only part of a ReadProcessMemory or WriteProcessMemory request was completed. (0x12B)
[0326/225935.814:WARNING:pe_image_reader.cc(340)] could not read dos header from C:\Windows\SYSTEM32\dhcpcsvc.DLL
[0326/225935.814:ERROR:process_memory_win.cc(73)] ReadMemory at 0x2044d270000 of 64 bytes failed: Only part of a ReadProcessMemory or WriteProcessMemory request was completed. (0x12B)
[0326/225935.814:WARNING:pe_image_reader.cc(340)] could not read dos header from C:\Windows\System32\NSI.dll
[0326/225935.814:ERROR:process_memory_win.cc(73)] ReadMemory at 0x7ff8e1600000 of 64 bytes failed: Only part of a ReadProcessMemory or WriteProcessMemory request was completed. (0x12B)
[0326/225935.814:WARNING:pe_image_reader.cc(340)] could not read dos header from C:\Windows\SYSTEM32\WINMMBASE.dll
[0326/225935.814:ERROR:process_memory_win.cc(73)] ReadMemory at 0x7ff8e5980000 of 64 bytes failed: Only part of a ReadProcessMemory or WriteProcessMemory request was completed. (0x12B)
[0326/225935.814:WARNING:pe_image_reader.cc(340)] could not read dos header from C:\Windows\System32\cfgmgr32.dll
[0326/225935.814:ERROR:process_memory_win.cc(73)] ReadMemory at 0x7ff8e2da0000 of 64 bytes failed: Only part of a ReadProcessMemory or WriteProcessMemory request was completed. (0x12B)
[0326/225935.814:WARNING:pe_image_reader.cc(340)] could not read dos header from C:\Windows\SYSTEM32\PROPSYS.dll
[0326/225935.814:ERROR:process_memory_win.cc(73)] ReadMemory at 0x7ff8e5e00000 of 64 bytes failed: Only part of a ReadProcessMemory or WriteProcessMemory request was completed. (0x12B)
[0326/225935.814:WARNING:pe_image_reader.cc(340)] could not read dos header from C:\Windows\System32\shcore.dll
[0326/225935.814:ERROR:process_memory_win.cc(73)] ReadMemory at 0x7ff8e46d0000 of 64 bytes failed: Only part of a ReadProcessMemory or WriteProcessMemory request was completed. (0x12B)
[0326/225935.814:WARNING:pe_image_reader.cc(340)] could not read dos header from C:\Windows\SYSTEM32\SSPICLI.DLL
[0326/225935.814:ERROR:process_memory_win.cc(73)] ReadMemory at 0x7ff8e4220000 of 64 bytes failed: Only part of a ReadProcessMemory or WriteProcessMemory request was completed. (0x12B)
[0326/225935.814:WARNING:pe_image_reader.cc(340)] could not read dos header from C:\Windows\SYSTEM32\CRYPTBASE.DLL
[0326/225936.834:ERROR:process_memory_win.cc(73)] ReadMemory at 0x7ff738950000 of 64 bytes failed: Only part of a ReadProcessMemory or WriteProcessMemory request was completed. (0x12B)
[0326/225936.834:WARNING:pe_image_reader.cc(340)] could not read dos header from C:\Program Files (x86)\Google\Chrome\Application\chrome.exe
[0326/225937.295:ERROR:process_memory_win.cc(73)] ReadMemory at 0x7ff738950000 of 64 bytes failed: Only part of a ReadProcessMemory or WriteProcessMemory request was completed. (0x12B)
[0326/225937.295:WARNING:pe_image_reader.cc(340)] could not read dos header from C:\Program Files (x86)\Google\Chrome\Application\chrome.exe
[0326/225938.755:ERROR:process_memory_win.cc(73)] ReadMemory at 0x7ff8e7920000 of 64 bytes failed: Only part of a ReadProcessMemory or WriteProcessMemory request was completed. (0x12B)
[0326/225938.755:WARNING:pe_image_reader.cc(340)] could not read dos header from C:\Windows\SYSTEM32\ntdll.dll
[0326/225938.755:ERROR:process_memory_win.cc(73)] ReadMemory at 0x7ff8e7920000 of 64 bytes failed: Only part of a ReadProcessMemory or WriteProcessMemory request was completed. (0x12B)
[0326/225938.755:WARNING:pe_image_reader.cc(340)] could not read dos header from C:\Windows\SYSTEM32\ntdll.dll
[0326/225938.755:ERROR:process_memory_win.cc(73)] ReadMemory at 0x7ff8e6c10000 of 64 bytes failed: Only part of a ReadProcessMemory or WriteProcessMemory request was completed. (0x12B)
[0326/225938.755:WARNING:pe_image_reader.cc(340)] could not read dos header from C:\Windows\System32\KERNEL32.DLL
[0326/225938.755:ERROR:process_memory_win.cc(73)] ReadMemory at 0x7ff8e6c10000 of 64 bytes failed: Only part of a ReadProcessMemory or WriteProcessMemory request was completed. (0x12B)
[0326/225938.755:WARNING:pe_image_reader.cc(340)] could not read dos header from C:\Windows\System32\KERNEL32.DLL
[0326/225938.755:ERROR:process_memory_win.cc(73)] ReadMemory at 0x7ff8e4ac0000 of 64 bytes failed: Only part of a ReadProcessMemory or WriteProcessMemory request was completed. (0x12B)
[0326/225938.755:WARNING:pe_image_reader.cc(340)] could not read dos header from C:\Windows\System32\KERNELBASE.dll
[0326/225938.755:ERROR:process_memory_win.cc(73)] ReadMemory at 0x7ff8e4ac0000 of 64 bytes failed: Only part of a ReadProcessMemory or WriteProcessMemory request was completed. (0x12B)
[0326/225938.755:WARNING:pe_image_reader.cc(340)] could not read dos header from C:\Windows\System32\KERNELBASE.dll
[0326/225938.756:ERROR:process_memory_win.cc(73)] ReadMemory at 0x7ff8b5840000 of 64 bytes failed: Only part of a ReadProcessMemory or WriteProcessMemory request was completed. (0x12B)
[0326/225938.756:WARNING:pe_image_reader.cc(340)] could not read dos header from C:\Program Files (x86)\Google\Chrome\Application\80.0.3987.149\chrome_elf.dll
[0326/225938.756:ERROR:process_memory_win.cc(73)] ReadMemory at 0x7ff8b5840000 of 64 bytes failed: Only part of a ReadProcessMemory or WriteProcessMemory request was completed. (0x12B)
[0326/225938.756:WARNING:pe_image_reader.cc(340)] could not read dos header from C:\Program Files (x86)\Google\Chrome\Application\80.0.3987.149\chrome_elf.dll
[0326/225938.756:ERROR:process_memory_win.cc(73)] ReadMemory at 0x7ff8d96e0000 of 64 bytes failed: Only part of a ReadProcessMemory or WriteProcessMemory request was completed. (0x12B)
[0326/225938.756:WARNING:pe_image_reader.cc(340)] could not read dos header from C:\Windows\SYSTEM32\VERSION.dll
[0326/225938.756:ERROR:process_memory_win.cc(73)] ReadMemory at 0x7ff8d96e0000 of 64 bytes failed: Only part of a ReadProcessMemory or WriteProcessMemory request was completed. (0x12B)
[0326/225938.756:WARNING:pe_image_reader.cc(340)] could not read dos header from C:\Windows\SYSTEM32\VERSION.dll
[0326/225938.756:ERROR:process_memory_win.cc(73)] ReadMemory at 0x7ff8e6ce0000 of 64 bytes failed: Only part of a ReadProcessMemory or WriteProcessMemory request was completed. (0x12B)
[0326/225938.756:WARNING:pe_image_reader.cc(340)] could not read dos header from C:\Windows\System32\msvcrt.dll
[0326/225938.756:ERROR:process_memory_win.cc(73)] ReadMemory at 0x7ff8e6ce0000 of 64 bytes failed: Only part of a ReadProcessMemory or WriteProcessMemory request was completed. (0x12B)
[0326/225938.756:WARNING:pe_image_reader.cc(340)] could not read dos header from C:\Windows\System32\msvcrt.dll
[0326/225939.503:ERROR:process_memory_win.cc(73)] ReadMemory at 0x7ff8e56b0000 of 64 bytes failed: Only part of a ReadProcessMemory or WriteProcessMemory request was completed. (0x12B)
[0326/225939.503:WARNING:pe_image_reader.cc(340)] could not read dos header from C:\Windows\System32\bcryptPrimitives.dll
[0326/225939.503:ERROR:process_memory_win.cc(73)] ReadMemory at 0x7ff8e56b0000 of 64 bytes failed: Only part of a ReadProcessMemory or WriteProcessMemory request was completed. (0x12B)
[0326/225939.503:WARNING:pe_image_reader.cc(340)] could not read dos header from C:\Windows\System32\bcryptPrimitives.dll
[0326/225939.503:ERROR:process_memory_win.cc(73)] ReadMemory at 0x7ff8e6190000 of 64 bytes failed: Only part of a ReadProcessMemory or WriteProcessMemory request was completed. (0x12B)
[0326/225939.503:WARNING:pe_image_reader.cc(340)] could not read dos header from C:\Windows\System32\ADVAPI32.dll
[0326/225939.503:ERROR:process_memory_win.cc(73)] ReadMemory at 0x7ff8e6190000 of 64 bytes failed: Only part of a ReadProcessMemory or WriteProcessMemory request was completed. (0x12B)
[0326/225939.503:WARNING:pe_image_reader.cc(340)] could not read dos header from C:\Windows\System32\ADVAPI32.dll
[0326/225939.503:ERROR:process_memory_win.cc(73)] ReadMemory at 0x7ff8e6890000 of 64 bytes failed: Only part of a ReadProcessMemory or WriteProcessMemory request was completed. (0x12B)
[0326/225939.503:WARNING:pe_image_reader.cc(340)] could not read dos header from C:\Windows\System32\sechost.dll
[0326/225939.503:ERROR:process_memory_win.cc(73)] ReadMemory at 0x7ff8e6890000 of 64 bytes failed: Only part of a ReadProcessMemory or WriteProcessMemory request was completed. (0x12B)
[0326/225939.504:WARNING:pe_image_reader.cc(340)] could not read dos header from C:\Windows\System32\sechost.dll
[0326/225939.504:ERROR:process_memory_win.cc(73)] ReadMemory at 0x7ff8e6930000 of 64 bytes failed: Only part of a ReadProcessMemory or WriteProcessMemory request was completed. (0x12B)
[0326/225939.504:WARNING:pe_image_reader.cc(340)] could not read dos header from C:\Windows\System32\RPCRT4.dll
[0326/225939.504:ERROR:process_memory_win.cc(73)] ReadMemory at 0x7ff8e6930000 of 64 bytes failed: Only part of a ReadProcessMemory or WriteProcessMemory request was completed. (0x12B)
[0326/225939.504:WARNING:pe_image_reader.cc(340)] could not read dos header from C:\Windows\System32\RPCRT4.dll
[0326/225939.504:ERROR:process_memory_win.cc(73)] ReadMemory at 0x7ff89d350000 of 64 bytes failed: Only part of a ReadProcessMemory or WriteProcessMemory request was completed. (0x12B)
[0326/225939.504:WARNING:pe_image_reader.cc(340)] could not read dos header from C:\Program Files (x86)\Google\Chrome\Application\80.0.3987.149\chrome.dll
[0326/225939.504:ERROR:process_memory_win.cc(73)] ReadMemory at 0x7ff89d350000 of 64 bytes failed: Only part of a ReadProcessMemory or WriteProcessMemory request was completed. (0x12B)
[0326/225939.504:WARNING:pe_image_reader.cc(340)] could not read dos header from C:\Program Files (x86)\Google\Chrome\Application\80.0.3987.149\chrome.dll
[0326/225939.504:ERROR:process_memory_win.cc(73)] ReadMemory at 0x7ff8e6120000 of 64 bytes failed: Only part of a ReadProcessMemory or WriteProcessMemory request was completed. (0x12B)
[0326/225939.504:WARNING:pe_image_reader.cc(340)] could not read dos header from C:\Windows\System32\WS2_32.dll
[0326/225939.504:ERROR:process_memory_win.cc(73)] ReadMemory at 0x7ff8e6120000 of 64 bytes failed: Only part of a ReadProcessMemory or WriteProcessMemory request was completed. (0x12B)
[0326/225939.504:WARNING:pe_image_reader.cc(340)] could not read dos header from C:\Windows\System32\WS2_32.dll
[0326/225939.504:ERROR:process_memory_win.cc(73)] ReadMemory at 0x7ff8e7810000 of 64 bytes failed: Only part of a ReadProcessMemory or WriteProcessMemory request was completed. (0x12B)
[0326/225939.504:WARNING:pe_image_reader.cc(340)] could not read dos header from C:\Windows\System32\OLEAUT32.dll
[0326/225939.505:ERROR:process_memory_win.cc(73)] ReadMemory at 0x7ff8e7810000 of 64 bytes failed: Only part of a ReadProcessMemory or WriteProcessMemory request was completed. (0x12B)
[0326/225939.505:WARNING:pe_image_reader.cc(340)] could not read dos header from C:\Windows\System32\OLEAUT32.dll
[0326/225939.505:ERROR:process_memory_win.cc(73)] ReadMemory at 0x7ff8e48b0000 of 64 bytes failed: Only part of a ReadProcessMemory or WriteProcessMemory request was completed. (0x12B)
[0326/225939.505:WARNING:pe_image_reader.cc(340)] could not read dos header from C:\Windows\System32\msvcp_win.dll
[0326/225939.505:ERROR:process_memory_win.cc(73)] ReadMemory at 0x7ff8e48b0000 of 64 bytes failed: Only part of a ReadProcessMemory or WriteProcessMemory request was completed. (0x12B)
[0326/225939.505:WARNING:pe_image_reader.cc(340)] could not read dos header from C:\Windows\System32\msvcp_win.dll
[0326/225939.505:ERROR:process_memory_win.cc(73)] ReadMemory at 0x7ff8e4e30000 of 64 bytes failed: Only part of a ReadProcessMemory or WriteProcessMemory request was completed. (0x12B)
[0326/225939.505:WARNING:pe_image_reader.cc(340)] could not read dos header from C:\Windows\System32\ucrtbase.dll
[0326/225939.505:ERROR:process_memory_win.cc(73)] ReadMemory at 0x7ff8e4e30000 of 64 bytes failed: Only part of a ReadProcessMemory or WriteProcessMemory request was completed. (0x12B)
[0326/225939.505:WARNING:pe_image_reader.cc(340)] could not read dos header from C:\Windows\System32\ucrtbase.dll
[0326/225939.505:ERROR:process_memory_win.cc(73)] ReadMemory at 0x7ff8e6d80000 of 64 bytes failed: Only part of a ReadProcessMemory or WriteProcessMemory request was completed. (0x12B)
[0326/225939.505:WARNING:pe_image_reader.cc(340)] could not read dos header from C:\Windows\System32\combase.dll
[0326/225939.505:ERROR:process_memory_win.cc(73)] ReadMemory at 0x7ff8e6d80000 of 64 bytes failed: Only part of a ReadProcessMemory or WriteProcessMemory request was completed. (0x12B)
[0326/225939.505:WARNING:pe_image_reader.cc(340)] could not read dos header from C:\Windows\System32\combase.dll
[0326/225939.505:ERROR:process_memory_win.cc(73)] ReadMemory at 0x7ff8e4d70000 of 64 bytes failed: Only part of a ReadProcessMemory or WriteProcessMemory request was completed. (0x12B)
[0326/225939.505:WARNING:pe_image_reader.cc(340)] could not read dos header from C:\Windows\System32\WINTRUST.dll
[0326/225939.505:ERROR:process_memory_win.cc(73)] ReadMemory at 0x7ff8e4d70000 of 64 bytes failed: Only part of a ReadProcessMemory or WriteProcessMemory request was completed. (0x12B)
[0326/225939.505:WARNING:pe_image_reader.cc(340)] could not read dos header from C:\Windows\System32\WINTRUST.dll
[0326/225939.505:ERROR:process_memory_win.cc(73)] ReadMemory at 0x7ff8e4810000 of 64 bytes failed: Only part of a ReadProcessMemory or WriteProcessMemory request was completed. (0x12B)
[0326/225939.505:WARNING:pe_image_reader.cc(340)] could not read dos header from C:\Windows\System32\MSASN1.dll
[0326/225939.505:ERROR:process_memory_win.cc(73)] ReadMemory at 0x7ff8e4810000 of 64 bytes failed: Only part of a ReadProcessMemory or WriteProcessMemory request was completed. (0x12B)
[0326/225939.505:WARNING:pe_image_reader.cc(340)] could not read dos header from C:\Windows\System32\MSASN1.dll
[0326/225939.505:ERROR:process_memory_win.cc(73)] ReadMemory at 0x7ff8e4970000 of 64 bytes failed: Only part of a ReadProcessMemory or WriteProcessMemory request was completed. (0x12B)
[0326/225939.505:WARNING:pe_image_reader.cc(340)] could not read dos header from C:\Windows\System32\CRYPT32.dll
[0326/225939.505:ERROR:process_memory_win.cc(73)] ReadMemory at 0x7ff8e4970000 of 64 bytes failed: Only part of a ReadProcessMemory or WriteProcessMemory request was completed. (0x12B)
[0326/225939.505:WARNING:pe_image_reader.cc(340)] could not read dos header from C:\Windows\System32\CRYPT32.dll
[0326/225939.506:ERROR:process_memory_win.cc(73)] ReadMemory at 0x7ff8e3d60000 of 64 bytes failed: Only part of a ReadProcessMemory or WriteProcessMemory request was completed. (0x12B)
[0326/225939.506:WARNING:pe_image_reader.cc(340)] could not read dos header from C:\Windows\SYSTEM32\IPHLPAPI.DLL
[0326/225939.506:ERROR:process_memory_win.cc(73)] ReadMemory at 0x7ff8e3d60000 of 64 bytes failed: Only part of a ReadProcessMemory or WriteProcessMemory request was completed. (0x12B)
[0326/225939.506:WARNING:pe_image_reader.cc(340)] could not read dos header from C:\Windows\SYSTEM32\IPHLPAPI.DLL
[0326/225939.506:ERROR:process_memory_win.cc(73)] ReadMemory at 0x7ff8e1630000 of 64 bytes failed: Only part of a ReadProcessMemory or WriteProcessMemory request was completed. (0x12B)
[0326/225939.506:WARNING:pe_image_reader.cc(340)] could not read dos header from C:\Windows\SYSTEM32\WINMM.dll
[0326/225939.506:ERROR:process_memory_win.cc(73)] ReadMemory at 0x7ff8e1630000 of 64 bytes failed: Only part of a ReadProcessMemory or WriteProcessMemory request was completed. (0x12B)
[0326/225939.506:WARNING:pe_image_reader.cc(340)] could not read dos header from C:\Windows\SYSTEM32\WINMM.dll
[0326/225939.506:ERROR:process_memory_win.cc(73)] ReadMemory at 0x7ff8d3000000 of 64 bytes failed: Only part of a ReadProcessMemory or WriteProcessMemory request was completed. (0x12B)
[0326/225939.506:WARNING:pe_image_reader.cc(340)] could not read dos header from C:\Windows\SYSTEM32\Secur32.dll
[0326/225939.506:ERROR:process_memory_win.cc(73)] ReadMemory at 0x7ff8d3000000 of 64 bytes failed: Only part of a ReadProcessMemory or WriteProcessMemory request was completed. (0x12B)
[0326/225939.506:WARNING:pe_image_reader.cc(340)] could not read dos header from C:\Windows\SYSTEM32\Secur32.dll
[0326/225939.506:ERROR:process_memory_win.cc(73)] ReadMemory at 0x7ff8e4700000 of 64 bytes failed: Only part of a ReadProcessMemory or WriteProcessMemory request was completed. (0x12B)
[0326/225939.506:WARNING:pe_image_reader.cc(340)] could not read dos header from C:\Windows\SYSTEM32\USERENV.dll
[0326/225939.506:ERROR:process_memory_win.cc(73)] ReadMemory at 0x7ff8e4700000 of 64 bytes failed: Only part of a ReadProcessMemory or WriteProcessMemory request was completed. (0x12B)
[0326/225939.506:WARNING:pe_image_reader.cc(340)] could not read dos header from C:\Windows\SYSTEM32\USERENV.dll
[0326/225939.506:ERROR:process_memory_win.cc(73)] ReadMemory at 0x7ff8e4880000 of 64 bytes failed: Only part of a ReadProcessMemory or WriteProcessMemory request was completed. (0x12B)
[0326/225939.506:WARNING:pe_image_reader.cc(340)] could not read dos header from C:\Windows\System32\profapi.dll
[0326/225939.506:ERROR:process_memory_win.cc(73)] ReadMemory at 0x7ff8e4880000 of 64 bytes failed: Only part of a ReadProcessMemory or WriteProcessMemory request was completed. (0x12B)
[0326/225939.506:WARNING:pe_image_reader.cc(340)] could not read dos header from C:\Windows\System32\profapi.dll
[0326/225939.506:ERROR:process_memory_win.cc(73)] ReadMemory at 0x7ff8c5f00000 of 64 bytes failed: Only part of a ReadProcessMemory or WriteProcessMemory request was completed. (0x12B)
[0326/225939.506:WARNING:pe_image_reader.cc(340)] could not read dos header from C:\Windows\SYSTEM32\UIAutomationCore.DLL
[0326/225939.506:ERROR:process_memory_win.cc(73)] ReadMemory at 0x7ff8c5f00000 of 64 bytes failed: Only part of a ReadProcessMemory or WriteProcessMemory request was completed. (0x12B)
[0326/225939.506:WARNING:pe_image_reader.cc(340)] could not read dos header from C:\Windows\SYSTEM32\UIAutomationCore.DLL
[0326/225939.506:ERROR:process_memory_win.cc(73)] ReadMemory at 0x7ff8d61a0000 of 64 bytes failed: Only part of a ReadProcessMemory or WriteProcessMemory request was completed. (0x12B)
[0326/225939.506:WARNING:pe_image_reader.cc(340)] could not read dos header from C:\Windows\SYSTEM32\DWrite.dll
[0326/225939.507:ERROR:process_memory_win.cc(73)] ReadMemory at 0x7ff8d61a0000 of 64 bytes failed: Only part of a ReadProcessMemory or WriteProcessMemory request was completed. (0x12B)
[0326/225939.507:WARNING:pe_image_reader.cc(340)] could not read dos header from C:\Windows\SYSTEM32\DWrite.dll
[0326/225939.507:ERROR:process_memory_win.cc(73)] ReadMemory at 0x7ff8d4930000 of 64 bytes failed: Only part of a ReadProcessMemory or WriteProcessMemory request was completed. (0x12B)
[0326/225939.507:WARNING:pe_image_reader.cc(340)] could not read dos header from C:\Windows\SYSTEM32\WINSPOOL.DRV
[0326/225939.507:ERROR:process_memory_win.cc(73)] ReadMemory at 0x7ff8d4930000 of 64 bytes failed: Only part of a ReadProcessMemory or WriteProcessMemory request was completed. (0x12B)
[0326/225939.507:WARNING:pe_image_reader.cc(340)] could not read dos header from C:\Windows\SYSTEM32\WINSPOOL.DRV
[0326/225939.507:ERROR:process_memory_win.cc(73)] ReadMemory at 0x7ff8e47f0000 of 64 bytes failed: Only part of a ReadProcessMemory or WriteProcessMemory request was completed. (0x12B)
[0326/225939.507:WARNING:pe_image_reader.cc(340)] could not read dos header from C:\Windows\System32\kernel.appcore.dll
[0326/225939.507:ERROR:process_memory_win.cc(73)] ReadMemory at 0x7ff8e47f0000 of 64 bytes failed: Only part of a ReadProcessMemory or WriteProcessMemory request was completed. (0x12B)
[0326/225939.507:WARNING:pe_image_reader.cc(340)] could not read dos header from C:\Windows\System32\kernel.appcore.dll
[0326/225939.507:ERROR:process_memory_win.cc(73)] ReadMemory at 0x7ff8e4dd0000 of 64 bytes failed: Only part of a ReadProcessMemory or WriteProcessMemory request was completed. (0x12B)
[0326/225939.507:WARNING:pe_image_reader.cc(340)] could not read dos header from C:\Windows\System32\bcrypt.dll
[0326/225939.507:ERROR:process_memory_win.cc(73)] ReadMemory at 0x7ff8e4dd0000 of 64 bytes failed: Only part of a ReadProcessMemory or WriteProcessMemory request was completed. (0x12B)
[0326/225939.507:WARNING:pe_image_reader.cc(340)] could not read dos header from C:\Windows\System32\bcrypt.dll
[0326/225939.507:ERROR:process_memory_win.cc(73)] ReadMemory at 0x7ff8e3120000 of 64 bytes failed: Only part of a ReadProcessMemory or WriteProcessMemory request was completed. (0x12B)
[0326/225939.507:WARNING:pe_image_reader.cc(340)] could not read dos header from C:\Windows\SYSTEM32\dbghelp.dll
[0326/225939.507:ERROR:process_memory_win.cc(73)] ReadMemory at 0x7ff8e3120000 of 64 bytes failed: Only part of a ReadProcessMemory or WriteProcessMemory request was completed. (0x12B)
[0326/225939.507:WARNING:pe_image_reader.cc(340)] could not read dos header from C:\Windows\SYSTEM32\dbghelp.dll
[0326/225939.507:ERROR:process_memory_win.cc(73)] ReadMemory at 0x7ff8d7bc0000 of 64 bytes failed: Only part of a ReadProcessMemory or WriteProcessMemory request was completed. (0x12B)
[0326/225939.507:WARNING:pe_image_reader.cc(340)] could not read dos header from C:\Windows\SYSTEM32\WINHTTP.dll
[0326/225939.507:ERROR:process_memory_win.cc(73)] ReadMemory at 0x7ff8d7bc0000 of 64 bytes failed: Only part of a ReadProcessMemory or WriteProcessMemory request was completed. (0x12B)
[0326/225939.507:WARNING:pe_image_reader.cc(340)] could not read dos header from C:\Windows\SYSTEM32\WINHTTP.dll
[0326/225939.507:ERROR:process_memory_win.cc(73)] ReadMemory at 0x7ff8d9c20000 of 64 bytes failed: Only part of a ReadProcessMemory or WriteProcessMemory request was completed. (0x12B)
[0326/225939.507:WARNING:pe_image_reader.cc(340)] could not read dos header from C:\Windows\SYSTEM32\dhcpcsvc.DLL
[0326/225939.507:ERROR:process_memory_win.cc(73)] ReadMemory at 0x7ff8d9c20000 of 64 bytes failed: Only part of a ReadProcessMemory or WriteProcessMemory request was completed. (0x12B)
[0326/225939.507:WARNING:pe_image_reader.cc(340)] could not read dos header from C:\Windows\SYSTEM32\dhcpcsvc.DLL
[0326/225939.508:ERROR:process_memory_win.cc(73)] ReadMemory at 0x2044d270000 of 64 bytes failed: Only part of a ReadProcessMemory or WriteProcessMemory request was completed. (0x12B)
[0326/225939.508:WARNING:pe_image_reader.cc(340)] could not read dos header from C:\Windows\System32\NSI.dll
[0326/225939.508:ERROR:process_memory_win.cc(73)] ReadMemory at 0x2044d270000 of 64 bytes failed: Only part of a ReadProcessMemory or WriteProcessMemory request was completed. (0x12B)
[0326/225939.508:WARNING:pe_image_reader.cc(340)] could not read dos header from C:\Windows\System32\NSI.dll
[0326/225939.508:ERROR:process_memory_win.cc(73)] ReadMemory at 0x7ff8e1600000 of 64 bytes failed: Only part of a ReadProcessMemory or WriteProcessMemory request was completed. (0x12B)
[0326/225939.508:WARNING:pe_image_reader.cc(340)] could not read dos header from C:\Windows\SYSTEM32\WINMMBASE.dll
[0326/225939.508:ERROR:process_memory_win.cc(73)] ReadMemory at 0x7ff8e1600000 of 64 bytes failed: Only part of a ReadProcessMemory or WriteProcessMemory request was completed. (0x12B)
[0326/225939.508:WARNING:pe_image_reader.cc(340)] could not read dos header from C:\Windows\SYSTEM32\WINMMBASE.dll
[0326/225939.508:ERROR:process_memory_win.cc(73)] ReadMemory at 0x7ff8e5980000 of 64 bytes failed: Only part of a ReadProcessMemory or WriteProcessMemory request was completed. (0x12B)
[0326/225939.508:WARNING:pe_image_reader.cc(340)] could not read dos header from C:\Windows\System32\cfgmgr32.dll
[0326/225939.508:ERROR:process_memory_win.cc(73)] ReadMemory at 0x7ff8e5980000 of 64 bytes failed: Only part of a ReadProcessMemory or WriteProcessMemory request was completed. (0x12B)
[0326/225939.508:WARNING:pe_image_reader.cc(340)] could not read dos header from C:\Windows\System32\cfgmgr32.dll
[0326/225939.508:ERROR:process_memory_win.cc(73)] ReadMemory at 0x7ff8e2da0000 of 64 bytes failed: Only part of a ReadProcessMemory or WriteProcessMemory request was completed. (0x12B)
[0326/225939.508:WARNING:pe_image_reader.cc(340)] could not read dos header from C:\Windows\SYSTEM32\PROPSYS.dll
[0326/225939.508:ERROR:process_memory_win.cc(73)] ReadMemory at 0x7ff8e2da0000 of 64 bytes failed: Only part of a ReadProcessMemory or WriteProcessMemory request was completed. (0x12B)
[0326/225939.508:WARNING:pe_image_reader.cc(340)] could not read dos header from C:\Windows\SYSTEM32\PROPSYS.dll
[0326/225939.508:ERROR:process_memory_win.cc(73)] ReadMemory at 0x7ff8e5e00000 of 64 bytes failed: Only part of a ReadProcessMemory or WriteProcessMemory request was completed. (0x12B)
[0326/225939.508:WARNING:pe_image_reader.cc(340)] could not read dos header from C:\Windows\System32\shcore.dll
[0326/225939.508:ERROR:process_memory_win.cc(73)] ReadMemory at 0x7ff8e5e00000 of 64 bytes failed: Only part of a ReadProcessMemory or WriteProcessMemory request was completed. (0x12B)
[0326/225939.508:WARNING:pe_image_reader.cc(340)] could not read dos header from C:\Windows\System32\shcore.dll
[0326/225939.508:ERROR:process_memory_win.cc(73)] ReadMemory at 0x7ff8e46d0000 of 64 bytes failed: Only part of a ReadProcessMemory or WriteProcessMemory request was completed. (0x12B)
[0326/225939.508:WARNING:pe_image_reader.cc(340)] could not read dos header from C:\Windows\SYSTEM32\SSPICLI.DLL
[0326/225939.508:ERROR:process_memory_win.cc(73)] ReadMemory at 0x7ff8e46d0000 of 64 bytes failed: Only part of a ReadProcessMemory or WriteProcessMemory request was completed. (0x12B)
[0326/225939.508:WARNING:pe_image_reader.cc(340)] could not read dos header from C:\Windows\SYSTEM32\SSPICLI.DLL
[0326/225939.508:ERROR:process_memory_win.cc(73)] ReadMemory at 0x7ff8e4220000 of 64 bytes failed: Only part of a ReadProcessMemory or WriteProcessMemory request was completed. (0x12B)
[0326/225939.509:WARNING:pe_image_reader.cc(340)] could not read dos header from C:\Windows\SYSTEM32\CRYPTBASE.DLL
[0326/225939.509:ERROR:process_memory_win.cc(73)] ReadMemory at 0x7ff8e4220000 of 64 bytes failed: Only part of a ReadProcessMemory or WriteProcessMemory request was completed. (0x12B)
[0326/225939.509:WARNING:pe_image_reader.cc(340)] could not read dos header from C:\Windows\SYSTEM32\CRYPTBASE.DLL
[0326/225943.381:ERROR:process_memory_win.cc(73)] ReadMemory at 0x7ff738950000 of 64 bytes failed: Only part of a ReadProcessMemory or WriteProcessMemory request was completed. (0x12B)
[0326/225943.381:WARNING:pe_image_reader.cc(340)] could not read dos header from C:\Program Files (x86)\Google\Chrome\Application\chrome.exe
[0326/225943.381:ERROR:process_memory_win.cc(73)] ReadMemory at 0x7ff8e7920000 of 64 bytes failed: Only part of a ReadProcessMemory or WriteProcessMemory request was completed. (0x12B)
[0326/225943.381:WARNING:pe_image_reader.cc(340)] could not read dos header from C:\Windows\SYSTEM32\ntdll.dll
[0326/225943.381:ERROR:process_memory_win.cc(73)] ReadMemory at 0x7ff8e6c10000 of 64 bytes failed: Only part of a ReadProcessMemory or WriteProcessMemory request was completed. (0x12B)
[0326/225943.382:WARNING:pe_image_reader.cc(340)] could not read dos header from C:\Windows\System32\KERNEL32.DLL
[0326/225943.382:ERROR:process_memory_win.cc(73)] ReadMemory at 0x7ff8e4ac0000 of 64 bytes failed: Only part of a ReadProcessMemory or WriteProcessMemory request was completed. (0x12B)
[0326/225943.382:WARNING:pe_image_reader.cc(340)] could not read dos header from C:\Windows\System32\KERNELBASE.dll
[0326/225943.382:ERROR:process_memory_win.cc(73)] ReadMemory at 0x7ff8b5840000 of 64 bytes failed: Only part of a ReadProcessMemory or WriteProcessMemory request was completed. (0x12B)
[0326/225943.382:WARNING:pe_image_reader.cc(340)] could not read dos header from C:\Program Files (x86)\Google\Chrome\Application\80.0.3987.149\chrome_elf.dll
[0326/225943.382:ERROR:process_memory_win.cc(73)] ReadMemory at 0x7ff8d96e0000 of 64 bytes failed: Only part of a ReadProcessMemory or WriteProcessMemory request was completed. (0x12B)
[0326/225943.382:WARNING:pe_image_reader.cc(340)] could not read dos header from C:\Windows\SYSTEM32\VERSION.dll
[0326/225943.382:ERROR:process_memory_win.cc(73)] ReadMemory at 0x7ff8e6ce0000 of 64 bytes failed: Only part of a ReadProcessMemory or WriteProcessMemory request was completed. (0x12B)
[0326/225943.382:WARNING:pe_image_reader.cc(340)] could not read dos header from C:\Windows\System32\msvcrt.dll
[0326/225943.382:ERROR:process_memory_win.cc(73)] ReadMemory at 0x7ff8e56b0000 of 64 bytes failed: Only part of a ReadProcessMemory or WriteProcessMemory request was completed. (0x12B)
[0326/225943.382:WARNING:pe_image_reader.cc(340)] could not read dos header from C:\Windows\System32\bcryptPrimitives.dll
[0326/225943.382:ERROR:process_memory_win.cc(73)] ReadMemory at 0x7ff8e6190000 of 64 bytes failed: Only part of a ReadProcessMemory or WriteProcessMemory request was completed. (0x12B)
[0326/225943.382:WARNING:pe_image_reader.cc(340)] could not read dos header from C:\Windows\System32\ADVAPI32.dll
[0326/225943.382:ERROR:process_memory_win.cc(73)] ReadMemory at 0x7ff8e6890000 of 64 bytes failed: Only part of a ReadProcessMemory or WriteProcessMemory request was completed. (0x12B)
[0326/225943.382:WARNING:pe_image_reader.cc(340)] could not read dos header from C:\Windows\System32\sechost.dll
[0326/225943.382:ERROR:process_memory_win.cc(73)] ReadMemory at 0x7ff8e6930000 of 64 bytes failed: Only part of a ReadProcessMemory or WriteProcessMemory request was completed. (0x12B)
[0326/225943.382:WARNING:pe_image_reader.cc(340)] could not read dos header from C:\Windows\System32\RPCRT4.dll
[0326/225943.382:ERROR:process_memory_win.cc(73)] ReadMemory at 0x7ff89d350000 of 64 bytes failed: Only part of a ReadProcessMemory or WriteProcessMemory request was completed. (0x12B)
[0326/225943.382:WARNING:pe_image_reader.cc(340)] could not read dos header from C:\Program Files (x86)\Google\Chrome\Application\80.0.3987.149\chrome.dll
[0326/225943.382:ERROR:process_memory_win.cc(73)] ReadMemory at 0x7ff8e6120000 of 64 bytes failed: Only part of a ReadProcessMemory or WriteProcessMemory request was completed. (0x12B)
[0326/225943.382:WARNING:pe_image_reader.cc(340)] could not read dos header from C:\Windows\System32\WS2_32.dll
[0326/225943.382:ERROR:process_memory_win.cc(73)] ReadMemory at 0x7ff8e7810000 of 64 bytes failed: Only part of a ReadProcessMemory or WriteProcessMemory request was completed. (0x12B)
[0326/225943.382:WARNING:pe_image_reader.cc(340)] could not read dos header from C:\Windows\System32\OLEAUT32.dll
[0326/225943.382:ERROR:process_memory_win.cc(73)] ReadMemory at 0x7ff8e48b0000 of 64 bytes failed: Only part of a ReadProcessMemory or WriteProcessMemory request was completed. (0x12B)
[0326/225943.382:WARNING:pe_image_reader.cc(340)] could not read dos header from C:\Windows\System32\msvcp_win.dll
[0326/225943.382:ERROR:process_memory_win.cc(73)] ReadMemory at 0x7ff8e4e30000 of 64 bytes failed: Only part of a ReadProcessMemory or WriteProcessMemory request was completed. (0x12B)
[0326/225943.383:WARNING:pe_image_reader.cc(340)] could not read dos header from C:\Windows\System32\ucrtbase.dll
[0326/225943.383:ERROR:process_memory_win.cc(73)] ReadMemory at 0x7ff8e6d80000 of 64 bytes failed: Only part of a ReadProcessMemory or WriteProcessMemory request was completed. (0x12B)
[0326/225943.383:WARNING:pe_image_reader.cc(340)] could not read dos header from C:\Windows\System32\combase.dll
[0326/225943.383:ERROR:process_memory_win.cc(73)] ReadMemory at 0x7ff8e4d70000 of 64 bytes failed: Only part of a ReadProcessMemory or WriteProcessMemory request was completed. (0x12B)
[0326/225943.383:WARNING:pe_image_reader.cc(340)] could not read dos header from C:\Windows\System32\WINTRUST.dll
[0326/225943.383:ERROR:process_memory_win.cc(73)] ReadMemory at 0x7ff8e4810000 of 64 bytes failed: Only part of a ReadProcessMemory or WriteProcessMemory request was completed. (0x12B)
[0326/225943.383:WARNING:pe_image_reader.cc(340)] could not read dos header from C:\Windows\System32\MSASN1.dll
[0326/225943.383:ERROR:process_memory_win.cc(73)] ReadMemory at 0x7ff8e4970000 of 64 bytes failed: Only part of a ReadProcessMemory or WriteProcessMemory request was completed. (0x12B)
[0326/225943.383:WARNING:pe_image_reader.cc(340)] could not read dos header from C:\Windows\System32\CRYPT32.dll
[0326/225943.383:ERROR:process_memory_win.cc(73)] ReadMemory at 0x7ff8e3d60000 of 64 bytes failed: Only part of a ReadProcessMemory or WriteProcessMemory request was completed. (0x12B)
[0326/225943.383:WARNING:pe_image_reader.cc(340)] could not read dos header from C:\Windows\SYSTEM32\IPHLPAPI.DLL
[0326/225943.383:ERROR:process_memory_win.cc(73)] ReadMemory at 0x7ff8e1630000 of 64 bytes failed: Only part of a ReadProcessMemory or WriteProcessMemory request was completed. (0x12B)
[0326/225943.383:WARNING:pe_image_reader.cc(340)] could not read dos header from C:\Windows\SYSTEM32\WINMM.dll
[0326/225943.383:ERROR:process_memory_win.cc(73)] ReadMemory at 0x7ff8d3000000 of 64 bytes failed: Only part of a ReadProcessMemory or WriteProcessMemory request was completed. (0x12B)
[0326/225943.383:WARNING:pe_image_reader.cc(340)] could not read dos header from C:\Windows\SYSTEM32\Secur32.dll
[0326/225943.383:ERROR:process_memory_win.cc(73)] ReadMemory at 0x7ff8e4700000 of 64 bytes failed: Only part of a ReadProcessMemory or WriteProcessMemory request was completed. (0x12B)
[0326/225943.383:WARNING:pe_image_reader.cc(340)] could not read dos header from C:\Windows\SYSTEM32\USERENV.dll
[0326/225943.383:ERROR:process_memory_win.cc(73)] ReadMemory at 0x7ff8e4880000 of 64 bytes failed: Only part of a ReadProcessMemory or WriteProcessMemory request was completed. (0x12B)
[0326/225943.383:WARNING:pe_image_reader.cc(340)] could not read dos header from C:\Windows\System32\profapi.dll
[0326/225943.383:ERROR:process_memory_win.cc(73)] ReadMemory at 0x7ff8c5f00000 of 64 bytes failed: Only part of a ReadProcessMemory or WriteProcessMemory request was completed. (0x12B)
[0326/225943.383:WARNING:pe_image_reader.cc(340)] could not read dos header from C:\Windows\SYSTEM32\UIAutomationCore.DLL
[0326/225943.383:ERROR:process_memory_win.cc(73)] ReadMemory at 0x7ff8d61a0000 of 64 bytes failed: Only part of a ReadProcessMemory or WriteProcessMemory request was completed. (0x12B)
[0326/225943.383:WARNING:pe_image_reader.cc(340)] could not read dos header from C:\Windows\SYSTEM32\DWrite.dll
[0326/225943.383:ERROR:process_memory_win.cc(73)] ReadMemory at 0x7ff8d4930000 of 64 bytes failed: Only part of a ReadProcessMemory or WriteProcessMemory request was completed. (0x12B)
[0326/225943.383:WARNING:pe_image_reader.cc(340)] could not read dos header from C:\Windows\SYSTEM32\WINSPOOL.DRV
[0326/225943.383:ERROR:process_memory_win.cc(73)] ReadMemory at 0x7ff8e47f0000 of 64 bytes failed: Only part of a ReadProcessMemory or WriteProcessMemory request was completed. (0x12B)
[0326/225943.383:WARNING:pe_image_reader.cc(340)] could not read dos header from C:\Windows\System32\kernel.appcore.dll
[0326/225943.384:ERROR:process_memory_win.cc(73)] ReadMemory at 0x7ff8e4dd0000 of 64 bytes failed: Only part of a ReadProcessMemory or WriteProcessMemory request was completed. (0x12B)
[0326/225943.384:WARNING:pe_image_reader.cc(340)] could not read dos header from C:\Windows\System32\bcrypt.dll
[0326/225943.384:ERROR:process_memory_win.cc(73)] ReadMemory at 0x7ff8e3120000 of 64 bytes failed: Only part of a ReadProcessMemory or WriteProcessMemory request was completed. (0x12B)
[0326/225943.384:WARNING:pe_image_reader.cc(340)] could not read dos header from C:\Windows\SYSTEM32\dbghelp.dll
[0326/225943.384:ERROR:process_memory_win.cc(73)] ReadMemory at 0x7ff8d7bc0000 of 64 bytes failed: Only part of a ReadProcessMemory or WriteProcessMemory request was completed. (0x12B)
[0326/225943.384:WARNING:pe_image_reader.cc(340)] could not read dos header from C:\Windows\SYSTEM32\WINHTTP.dll
[0326/225943.384:ERROR:process_memory_win.cc(73)] ReadMemory at 0x7ff8d9c20000 of 64 bytes failed: Only part of a ReadProcessMemory or WriteProcessMemory request was completed. (0x12B)
[0326/225943.384:WARNING:pe_image_reader.cc(340)] could not read dos header from C:\Windows\SYSTEM32\dhcpcsvc.DLL
[0326/225943.384:ERROR:process_memory_win.cc(73)] ReadMemory at 0x2044d270000 of 64 bytes failed: Only part of a ReadProcessMemory or WriteProcessMemory request was completed. (0x12B)
[0326/225943.384:WARNING:pe_image_reader.cc(340)] could not read dos header from C:\Windows\System32\NSI.dll
[0326/225943.384:ERROR:process_memory_win.cc(73)] ReadMemory at 0x7ff8e1600000 of 64 bytes failed: Only part of a ReadProcessMemory or WriteProcessMemory request was completed. (0x12B)
[0326/225943.384:WARNING:pe_image_reader.cc(340)] could not read dos header from C:\Windows\SYSTEM32\WINMMBASE.dll
[0326/225943.384:ERROR:process_memory_win.cc(73)] ReadMemory at 0x7ff8e5980000 of 64 bytes failed: Only part of a ReadProcessMemory or WriteProcessMemory request was completed. (0x12B)
[0326/225943.384:WARNING:pe_image_reader.cc(340)] could not read dos header from C:\Windows\System32\cfgmgr32.dll
[0326/225943.384:ERROR:process_memory_win.cc(73)] ReadMemory at 0x7ff8e2da0000 of 64 bytes failed: Only part of a ReadProcessMemory or WriteProcessMemory request was completed. (0x12B)
[0326/225943.384:WARNING:pe_image_reader.cc(340)] could not read dos header from C:\Windows\SYSTEM32\PROPSYS.dll
[0326/225943.384:ERROR:process_memory_win.cc(73)] ReadMemory at 0x7ff8e5e00000 of 64 bytes failed: Only part of a ReadProcessMemory or WriteProcessMemory request was completed. (0x12B)
[0326/225943.384:WARNING:pe_image_reader.cc(340)] could not read dos header from C:\Windows\System32\shcore.dll
[0326/225943.384:ERROR:process_memory_win.cc(73)] ReadMemory at 0x7ff8e46d0000 of 64 bytes failed: Only part of a ReadProcessMemory or WriteProcessMemory request was completed. (0x12B)
[0326/225943.384:WARNING:pe_image_reader.cc(340)] could not read dos header from C:\Windows\SYSTEM32\SSPICLI.DLL
[0326/225943.384:ERROR:process_memory_win.cc(73)] ReadMemory at 0x7ff8e4220000 of 64 bytes failed: Only part of a ReadProcessMemory or WriteProcessMemory request was completed. (0x12B)
[0326/225943.384:WARNING:pe_image_reader.cc(340)] could not read dos header from C:\Windows\SYSTEM32\CRYPTBASE.DLL
[0326/225943.384:ERROR:process_memory_win.cc(73)] ReadMemory at 0x7ff738950000 of 64 bytes failed: Only part of a ReadProcessMemory or WriteProcessMemory request was completed. (0x12B)
[0326/225943.384:WARNING:pe_image_reader.cc(340)] could not read dos header from C:\Program Files (x86)\Google\Chrome\Application\chrome.exe
[0326/225943.385:ERROR:process_memory_win.cc(73)] ReadMemory at 0x7ff8e7920000 of 64 bytes failed: Only part of a ReadProcessMemory or WriteProcessMemory request was completed. (0x12B)
[0326/225943.385:WARNING:pe_image_reader.cc(340)] could not read dos header from C:\Windows\SYSTEM32\ntdll.dll
[0326/225943.385:ERROR:process_memory_win.cc(73)] ReadMemory at 0x7ff8e6c10000 of 64 bytes failed: Only part of a ReadProcessMemory or WriteProcessMemory request was completed. (0x12B)
[0326/225943.385:WARNING:pe_image_reader.cc(340)] could not read dos header from C:\Windows\System32\KERNEL32.DLL
[0326/225943.385:ERROR:process_memory_win.cc(73)] ReadMemory at 0x7ff8e4ac0000 of 64 bytes failed: Only part of a ReadProcessMemory or WriteProcessMemory request was completed. (0x12B)
[0326/225943.385:WARNING:pe_image_reader.cc(340)] could not read dos header from C:\Windows\System32\KERNELBASE.dll
[0326/225943.385:ERROR:process_memory_win.cc(73)] ReadMemory at 0x7ff8b5840000 of 64 bytes failed: Only part of a ReadProcessMemory or WriteProcessMemory request was completed. (0x12B)
[0326/225943.385:WARNING:pe_image_reader.cc(340)] could not read dos header from C:\Program Files (x86)\Google\Chrome\Application\80.0.3987.149\chrome_elf.dll
[0326/225943.385:ERROR:process_memory_win.cc(73)] ReadMemory at 0x7ff8d96e0000 of 64 bytes failed: Only part of a ReadProcessMemory or WriteProcessMemory request was completed. (0x12B)
[0326/225943.385:WARNING:pe_image_reader.cc(340)] could not read dos header from C:\Windows\SYSTEM32\VERSION.dll
[0326/225943.385:ERROR:process_memory_win.cc(73)] ReadMemory at 0x7ff8e6ce0000 of 64 bytes failed: Only part of a ReadProcessMemory or WriteProcessMemory request was completed. (0x12B)
[0326/225943.385:WARNING:pe_image_reader.cc(340)] could not read dos header from C:\Windows\System32\msvcrt.dll
[0326/225943.385:ERROR:process_memory_win.cc(73)] ReadMemory at 0x7ff8e56b0000 of 64 bytes failed: Only part of a ReadProcessMemory or WriteProcessMemory request was completed. (0x12B)
[0326/225943.385:WARNING:pe_image_reader.cc(340)] could not read dos header from C:\Windows\System32\bcryptPrimitives.dll
[0326/225943.385:ERROR:process_memory_win.cc(73)] ReadMemory at 0x7ff8e6190000 of 64 bytes failed: Only part of a ReadProcessMemory or WriteProcessMemory request was completed. (0x12B)
[0326/225943.385:WARNING:pe_image_reader.cc(340)] could not read dos header from C:\Windows\System32\ADVAPI32.dll
[0326/225943.385:ERROR:process_memory_win.cc(73)] ReadMemory at 0x7ff8e6890000 of 64 bytes failed: Only part of a ReadProcessMemory or WriteProcessMemory request was completed. (0x12B)
[0326/225943.385:WARNING:pe_image_reader.cc(340)] could not read dos header from C:\Windows\System32\sechost.dll
[0326/225943.385:ERROR:process_memory_win.cc(73)] ReadMemory at 0x7ff8e6930000 of 64 bytes failed: Only part of a ReadProcessMemory or WriteProcessMemory request was completed. (0x12B)
[0326/225943.385:WARNING:pe_image_reader.cc(340)] could not read dos header from C:\Windows\System32\RPCRT4.dll
[0326/225943.385:ERROR:process_memory_win.cc(73)] ReadMemory at 0x7ff89d350000 of 64 bytes failed: Only part of a ReadProcessMemory or WriteProcessMemory request was completed. (0x12B)
[0326/225943.385:WARNING:pe_image_reader.cc(340)] could not read dos header from C:\Program Files (x86)\Google\Chrome\Application\80.0.3987.149\chrome.dll
[0326/225943.385:ERROR:process_memory_win.cc(73)] ReadMemory at 0x7ff8e6120000 of 64 bytes failed: Only part of a ReadProcessMemory or WriteProcessMemory request was completed. (0x12B)
[0326/225943.385:WARNING:pe_image_reader.cc(340)] could not read dos header from C:\Windows\System32\WS2_32.dll
[0326/225943.385:ERROR:process_memory_win.cc(73)] ReadMemory at 0x7ff8e7810000 of 64 bytes failed: Only part of a ReadProcessMemory or WriteProcessMemory request was completed. (0x12B)
[0326/225943.385:WARNING:pe_image_reader.cc(340)] could not read dos header from C:\Windows\System32\OLEAUT32.dll
[0326/225943.385:ERROR:process_memory_win.cc(73)] ReadMemory at 0x7ff8e48b0000 of 64 bytes failed: Only part of a ReadProcessMemory or WriteProcessMemory request was completed. (0x12B)
[0326/225943.385:WARNING:pe_image_reader.cc(340)] could not read dos header from C:\Windows\System32\msvcp_win.dll
[0326/225943.386:ERROR:process_memory_win.cc(73)] ReadMemory at 0x7ff8e4e30000 of 64 bytes failed: Only part of a ReadProcessMemory or WriteProcessMemory request was completed. (0x12B)
[0326/225943.386:WARNING:pe_image_reader.cc(340)] could not read dos header from C:\Windows\System32\ucrtbase.dll
[0326/225943.386:ERROR:process_memory_win.cc(73)] ReadMemory at 0x7ff8e6d80000 of 64 bytes failed: Only part of a ReadProcessMemory or WriteProcessMemory request was completed. (0x12B)
[0326/225943.386:WARNING:pe_image_reader.cc(340)] could not read dos header from C:\Windows\System32\combase.dll
[0326/225943.386:ERROR:process_memory_win.cc(73)] ReadMemory at 0x7ff8e4d70000 of 64 bytes failed: Only part of a ReadProcessMemory or WriteProcessMemory request was completed. (0x12B)
[0326/225943.386:WARNING:pe_image_reader.cc(340)] could not read dos header from C:\Windows\System32\WINTRUST.dll
[0326/225943.386:ERROR:process_memory_win.cc(73)] ReadMemory at 0x7ff8e4810000 of 64 bytes failed: Only part of a ReadProcessMemory or WriteProcessMemory request was completed. (0x12B)
[0326/225943.386:WARNING:pe_image_reader.cc(340)] could not read dos header from C:\Windows\System32\MSASN1.dll
[0326/225943.386:ERROR:process_memory_win.cc(73)] ReadMemory at 0x7ff8e4970000 of 64 bytes failed: Only part of a ReadProcessMemory or WriteProcessMemory request was completed. (0x12B)
[0326/225943.386:WARNING:pe_image_reader.cc(340)] could not read dos header from C:\Windows\System32\CRYPT32.dll
[0326/225943.386:ERROR:process_memory_win.cc(73)] ReadMemory at 0x7ff8e3d60000 of 64 bytes failed: Only part of a ReadProcessMemory or WriteProcessMemory request was completed. (0x12B)
[0326/225943.386:WARNING:pe_image_reader.cc(340)] could not read dos header from C:\Windows\SYSTEM32\IPHLPAPI.DLL
[0326/225943.386:ERROR:process_memory_win.cc(73)] ReadMemory at 0x7ff8e1630000 of 64 bytes failed: Only part of a ReadProcessMemory or WriteProcessMemory request was completed. (0x12B)
[0326/225943.386:WARNING:pe_image_reader.cc(340)] could not read dos header from C:\Windows\SYSTEM32\WINMM.dll
[0326/225943.386:ERROR:process_memory_win.cc(73)] ReadMemory at 0x7ff8d3000000 of 64 bytes failed: Only part of a ReadProcessMemory or WriteProcessMemory request was completed. (0x12B)
[0326/225943.386:WARNING:pe_image_reader.cc(340)] could not read dos header from C:\Windows\SYSTEM32\Secur32.dll
[0326/225943.386:ERROR:process_memory_win.cc(73)] ReadMemory at 0x7ff8e4700000 of 64 bytes failed: Only part of a ReadProcessMemory or WriteProcessMemory request was completed. (0x12B)
[0326/225943.386:WARNING:pe_image_reader.cc(340)] could not read dos header from C:\Windows\SYSTEM32\USERENV.dll
[0326/225943.386:ERROR:process_memory_win.cc(73)] ReadMemory at 0x7ff8e4880000 of 64 bytes failed: Only part of a ReadProcessMemory or WriteProcessMemory request was completed. (0x12B)
[0326/225943.386:WARNING:pe_image_reader.cc(340)] could not read dos header from C:\Windows\System32\profapi.dll
[0326/225943.386:ERROR:process_memory_win.cc(73)] ReadMemory at 0x7ff8c5f00000 of 64 bytes failed: Only part of a ReadProcessMemory or WriteProcessMemory request was completed. (0x12B)
[0326/225943.386:WARNING:pe_image_reader.cc(340)] could not read dos header from C:\Windows\SYSTEM32\UIAutomationCore.DLL
[0326/225943.386:ERROR:process_memory_win.cc(73)] ReadMemory at 0x7ff8d61a0000 of 64 bytes failed: Only part of a ReadProcessMemory or WriteProcessMemory request was completed. (0x12B)
[0326/225943.386:WARNING:pe_image_reader.cc(340)] could not read dos header from C:\Windows\SYSTEM32\DWrite.dll
[0326/225943.386:ERROR:process_memory_win.cc(73)] ReadMemory at 0x7ff8d4930000 of 64 bytes failed: Only part of a ReadProcessMemory or WriteProcessMemory request was completed. (0x12B)
[0326/225943.386:WARNING:pe_image_reader.cc(340)] could not read dos header from C:\Windows\SYSTEM32\WINSPOOL.DRV
[0326/225943.386:ERROR:process_memory_win.cc(73)] ReadMemory at 0x7ff8e47f0000 of 64 bytes failed: Only part of a ReadProcessMemory or WriteProcessMemory request was completed. (0x12B)
[0326/225943.387:WARNING:pe_image_reader.cc(340)] could not read dos header from C:\Windows\System32\kernel.appcore.dll
[0326/225943.387:ERROR:process_memory_win.cc(73)] ReadMemory at 0x7ff8e4dd0000 of 64 bytes failed: Only part of a ReadProcessMemory or WriteProcessMemory request was completed. (0x12B)
[0326/225943.387:WARNING:pe_image_reader.cc(340)] could not read dos header from C:\Windows\System32\bcrypt.dll
[0326/225943.387:ERROR:process_memory_win.cc(73)] ReadMemory at 0x7ff8e3120000 of 64 bytes failed: Only part of a ReadProcessMemory or WriteProcessMemory request was completed. (0x12B)
[0326/225943.387:WARNING:pe_image_reader.cc(340)] could not read dos header from C:\Windows\SYSTEM32\dbghelp.dll
[0326/225943.387:ERROR:process_memory_win.cc(73)] ReadMemory at 0x7ff8d7bc0000 of 64 bytes failed: Only part of a ReadProcessMemory or WriteProcessMemory request was completed. (0x12B)
[0326/225943.387:WARNING:pe_image_reader.cc(340)] could not read dos header from C:\Windows\SYSTEM32\WINHTTP.dll
[0326/225943.387:ERROR:process_memory_win.cc(73)] ReadMemory at 0x7ff8d9c20000 of 64 bytes failed: Only part of a ReadProcessMemory or WriteProcessMemory request was completed. (0x12B)
[0326/225943.387:WARNING:pe_image_reader.cc(340)] could not read dos header from C:\Windows\SYSTEM32\dhcpcsvc.DLL
[0326/225943.387:ERROR:process_memory_win.cc(73)] ReadMemory at 0x2044d270000 of 64 bytes failed: Only part of a ReadProcessMemory or WriteProcessMemory request was completed. (0x12B)
[0326/225943.387:WARNING:pe_image_reader.cc(340)] could not read dos header from C:\Windows\System32\NSI.dll
[0326/225943.387:ERROR:process_memory_win.cc(73)] ReadMemory at 0x7ff8e1600000 of 64 bytes failed: Only part of a ReadProcessMemory or WriteProcessMemory request was completed. (0x12B)
[0326/225943.387:WARNING:pe_image_reader.cc(340)] could not read dos header from C:\Windows\SYSTEM32\WINMMBASE.dll
[0326/225943.387:ERROR:process_memory_win.cc(73)] ReadMemory at 0x7ff8e5980000 of 64 bytes failed: Only part of a ReadProcessMemory or WriteProcessMemory request was completed. (0x12B)
[0326/225943.387:WARNING:pe_image_reader.cc(340)] could not read dos header from C:\Windows\System32\cfgmgr32.dll
[0326/225943.387:ERROR:process_memory_win.cc(73)] ReadMemory at 0x7ff8e2da0000 of 64 bytes failed: Only part of a ReadProcessMemory or WriteProcessMemory request was completed. (0x12B)
[0326/225943.387:WARNING:pe_image_reader.cc(340)] could not read dos header from C:\Windows\SYSTEM32\PROPSYS.dll
[0326/225943.387:ERROR:process_memory_win.cc(73)] ReadMemory at 0x7ff8e5e00000 of 64 bytes failed: Only part of a ReadProcessMemory or WriteProcessMemory request was completed. (0x12B)
[0326/225943.387:WARNING:pe_image_reader.cc(340)] could not read dos header from C:\Windows\System32\shcore.dll
[0326/225943.387:ERROR:process_memory_win.cc(73)] ReadMemory at 0x7ff8e46d0000 of 64 bytes failed: Only part of a ReadProcessMemory or WriteProcessMemory request was completed. (0x12B)
[0326/225943.387:WARNING:pe_image_reader.cc(340)] could not read dos header from C:\Windows\SYSTEM32\SSPICLI.DLL
[0326/225943.387:ERROR:process_memory_win.cc(73)] ReadMemory at 0x7ff8e4220000 of 64 bytes failed: Only part of a ReadProcessMemory or WriteProcessMemory request was completed. (0x12B)
[0326/225943.387:WARNING:pe_image_reader.cc(340)] could not read dos header from C:\Windows\SYSTEM32\CRYPTBASE.DLL
[0326/225945.552:ERROR:process_memory_win.cc(73)] ReadMemory at 0x686d9f3000 of 53248 bytes failed: Only part of a ReadProcessMemory or WriteProcessMemory request was completed. (0x12B)
[0326/225945.552:ERROR:process_memory_win.cc(73)] ReadMemory at 0x686e1fd000 of 12288 bytes failed: Only part of a ReadProcessMemory or WriteProcessMemory request was completed. (0x12B)
[0326/225945.552:ERROR:process_memory_win.cc(73)] ReadMemory at 0x686f1fd000 of 12288 bytes failed: Only part of a ReadProcessMemory or WriteProcessMemory request was completed. (0x12B)
[0326/225945.553:ERROR:process_memory_win.cc(73)] ReadMemory at 0x686f9fc000 of 16384 bytes failed: Only part of a ReadProcessMemory or WriteProcessMemory request was completed. (0x12B)
[0326/225945.553:ERROR:process_memory_win.cc(73)] ReadMemory at 0x68701fe000 of 8192 bytes failed: Only part of a ReadProcessMemory or WriteProcessMemory request was completed. (0x12B)
[0326/225945.553:ERROR:process_memory_win.cc(73)] ReadMemory at 0x68709fd000 of 12288 bytes failed: Only part of a ReadProcessMemory or WriteProcessMemory request was completed. (0x12B)
[0326/225945.553:ERROR:process_memory_win.cc(73)] ReadMemory at 0x68711fb000 of 20480 bytes failed: Only part of a ReadProcessMemory or WriteProcessMemory request was completed. (0x12B)
[0326/225945.553:ERROR:process_memory_win.cc(73)] ReadMemory at 0x68721fd000 of 12288 bytes failed: Only part of a ReadProcessMemory or WriteProcessMemory request was completed. (0x12B)
[0326/225945.553:ERROR:process_memory_win.cc(73)] ReadMemory at 0x68729fa000 of 24576 bytes failed: Only part of a ReadProcessMemory or WriteProcessMemory request was completed. (0x12B)
[0326/225945.553:ERROR:process_memory_win.cc(73)] ReadMemory at 0x68731f7000 of 36864 bytes failed: Only part of a ReadProcessMemory or WriteProcessMemory request was completed. (0x12B)
[0326/225945.553:ERROR:process_memory_win.cc(73)] ReadMemory at 0x68739fd000 of 12288 bytes failed: Only part of a ReadProcessMemory or WriteProcessMemory request was completed. (0x12B)
[0326/225945.553:ERROR:process_memory_win.cc(73)] ReadMemory at 0x686e9fd000 of 12288 bytes failed: Only part of a ReadProcessMemory or WriteProcessMemory request was completed. (0x12B)
[0326/225945.554:ERROR:process_memory_win.cc(73)] ReadMemory at 0x68741f6000 of 40960 bytes failed: Only part of a ReadProcessMemory or WriteProcessMemory request was completed. (0x12B)
[0326/225945.554:ERROR:process_memory_win.cc(73)] ReadMemory at 0x68719fc000 of 16384 bytes failed: Only part of a ReadProcessMemory or WriteProcessMemory request was completed. (0x12B)
[0326/225945.554:ERROR:process_memory_win.cc(73)] ReadMemory at 0x68749fc000 of 16384 bytes failed: Only part of a ReadProcessMemory or WriteProcessMemory request was completed. (0x12B)
[0326/225945.554:ERROR:process_memory_win.cc(73)] ReadMemory at 0x686d18a000 of 852 bytes failed: Only part of a ReadProcessMemory or WriteProcessMemory request was completed. (0x12B)
[0326/225945.554:ERROR:process_memory_win.cc(73)] ReadMemory at 0x686d18b000 of 6024 bytes failed: Only part of a ReadProcessMemory or WriteProcessMemory request was completed. (0x12B)
[0326/225945.554:ERROR:process_memory_win.cc(73)] ReadMemory at 0x686d18d000 of 6024 bytes failed: Only part of a ReadProcessMemory or WriteProcessMemory request was completed. (0x12B)
[0326/225945.554:ERROR:process_memory_win.cc(73)] ReadMemory at 0x686d191000 of 6024 bytes failed: Only part of a ReadProcessMemory or WriteProcessMemory request was completed. (0x12B)
[0326/225945.554:ERROR:process_memory_win.cc(73)] ReadMemory at 0x686d193000 of 6024 bytes failed: Only part of a ReadProcessMemory or WriteProcessMemory request was completed. (0x12B)
[0326/225945.554:ERROR:process_memory_win.cc(73)] ReadMemory at 0x686d195000 of 6024 bytes failed: Only part of a ReadProcessMemory or WriteProcessMemory request was completed. (0x12B)
[0326/225945.554:ERROR:process_memory_win.cc(73)] ReadMemory at 0x686d197000 of 6024 bytes failed: Only part of a ReadProcessMemory or WriteProcessMemory request was completed. (0x12B)
[0326/225945.554:ERROR:process_memory_win.cc(73)] ReadMemory at 0x686d199000 of 6024 bytes failed: Only part of a ReadProcessMemory or WriteProcessMemory request was completed. (0x12B)
[0326/225945.555:ERROR:process_memory_win.cc(73)] ReadMemory at 0x686d19d000 of 6024 bytes failed: Only part of a ReadProcessMemory or WriteProcessMemory request was completed. (0x12B)
[0326/225945.555:ERROR:process_memory_win.cc(73)] ReadMemory at 0x686d19f000 of 6024 bytes failed: Only part of a ReadProcessMemory or WriteProcessMemory request was completed. (0x12B)
[0326/225945.555:ERROR:process_memory_win.cc(73)] ReadMemory at 0x686d1a1000 of 6024 bytes failed: Only part of a ReadProcessMemory or WriteProcessMemory request was completed. (0x12B)
[0326/225945.555:ERROR:process_memory_win.cc(73)] ReadMemory at 0x686d1a3000 of 6024 bytes failed: Only part of a ReadProcessMemory or WriteProcessMemory request was completed. (0x12B)
[0326/225945.555:ERROR:process_memory_win.cc(73)] ReadMemory at 0x686d1ad000 of 6024 bytes failed: Only part of a ReadProcessMemory or WriteProcessMemory request was completed. (0x12B)
[0326/225945.555:ERROR:process_memory_win.cc(73)] ReadMemory at 0x686d1b7000 of 6024 bytes failed: Only part of a ReadProcessMemory or WriteProcessMemory request was completed. (0x12B)
[0326/225945.699:ERROR:process_memory_win.cc(73)] ReadMemory at 0x686d1bf000 of 6024 bytes failed: Only part of a ReadProcessMemory or WriteProcessMemory request was completed. (0x12B)
[0326/225945.699:ERROR:process_memory_win.cc(73)] ReadMemory at 0x686d1c1000 of 6024 bytes failed: Only part of a ReadProcessMemory or WriteProcessMemory request was completed. (0x12B)
[0326/225945.700:ERROR:process_memory_win.cc(73)] ReadMemory at 0x2044d280750 of 80 bytes failed: Only part of a ReadProcessMemory or WriteProcessMemory request was completed. (0x12B)
[0326/225945.700:ERROR:process_memory_win.cc(73)] ReadMemory at 0x2044d280fe0 of 15534 bytes failed: Only part of a ReadProcessMemory or WriteProcessMemory request was completed. (0x12B)
[0326/225945.700:ERROR:process_memory_win.cc(73)] ReadMemory at 0x2044d284ca0 of 1012 bytes failed: Only part of a ReadProcessMemory or WriteProcessMemory request was completed. (0x12B)
[0326/225945.700:ERROR:process_memory_win.cc(73)] ReadMemory at 0x2044d2852e8 of 118 bytes failed: Only part of a ReadProcessMemory or WriteProcessMemory request was completed. (0x12B)
[0326/225945.700:ERROR:process_memory_win.cc(73)] ReadMemory at 0x2044d285360 of 752 bytes failed: Only part of a ReadProcessMemory or WriteProcessMemory request was completed. (0x12B)
[0326/225945.700:ERROR:process_memory_win.cc(73)] ReadMemory at 0x2044d285652 of 118 bytes failed: Only part of a ReadProcessMemory or WriteProcessMemory request was completed. (0x12B)
[0326/225945.700:ERROR:process_memory_win.cc(73)] ReadMemory at 0x2044d2856ca of 94 bytes failed: Only part of a ReadProcessMemory or WriteProcessMemory request was completed. (0x12B)
[0326/225945.700:ERROR:process_memory_win.cc(73)] ReadMemory at 0x2044d285740 of 58 bytes failed: Only part of a ReadProcessMemory or WriteProcessMemory request was completed. (0x12B)
[0326/225945.700:ERROR:process_memory_win.cc(73)] ReadMemory at 0x2044d285840 of 132 bytes failed: Only part of a ReadProcessMemory or WriteProcessMemory request was completed. (0x12B)
[0326/225945.700:ERROR:process_memory_win.cc(73)] ReadMemory at 0x2044d2859d0 of 132 bytes failed: Only part of a ReadProcessMemory or WriteProcessMemory request was completed. (0x12B)
[0326/225945.700:ERROR:process_memory_win.cc(73)] ReadMemory at 0x2044d285b90 of 126 bytes failed: Only part of a ReadProcessMemory or WriteProcessMemory request was completed. (0x12B)
[0326/225945.700:ERROR:process_memory_win.cc(73)] ReadMemory at 0x2044d285f70 of 132 bytes failed: Only part of a ReadProcessMemory or WriteProcessMemory request was completed. (0x12B)
[0326/225945.701:ERROR:process_memory_win.cc(73)] ReadMemory at 0x2044d286100 of 64 bytes failed: Only part of a ReadProcessMemory or WriteProcessMemory request was completed. (0x12B)
[0326/225945.701:ERROR:process_memory_win.cc(73)] ReadMemory at 0x2044d286150 of 132 bytes failed: Only part of a ReadProcessMemory or WriteProcessMemory request was completed. (0x12B)
[0326/225945.701:ERROR:process_memory_win.cc(73)] ReadMemory at 0x2044d2862c0 of 132 bytes failed: Only part of a ReadProcessMemory or WriteProcessMemory request was completed. (0x12B)
[0326/225945.701:ERROR:process_memory_win.cc(73)] ReadMemory at 0x2044d286560 of 132 bytes failed: Only part of a ReadProcessMemory or WriteProcessMemory request was completed. (0x12B)
[0326/225945.701:ERROR:process_memory_win.cc(73)] ReadMemory at 0x2044d2866f0 of 68 bytes failed: Only part of a ReadProcessMemory or WriteProcessMemory request was completed. (0x12B)
[0326/225945.701:ERROR:process_memory_win.cc(73)] ReadMemory at 0x2044d2877c0 of 132 bytes failed: Only part of a ReadProcessMemory or WriteProcessMemory request was completed. (0x12B)
[0326/225945.701:ERROR:process_memory_win.cc(73)] ReadMemory at 0x2044d287950 of 154 bytes failed: Only part of a ReadProcessMemory or WriteProcessMemory request was completed. (0x12B)
[0326/225945.701:ERROR:process_memory_win.cc(73)] ReadMemory at 0x2044d288620 of 132 bytes failed: Only part of a ReadProcessMemory or WriteProcessMemory request was completed. (0x12B)
[0326/225945.701:ERROR:process_memory_win.cc(73)] ReadMemory at 0x2044d288760 of 62 bytes failed: Only part of a ReadProcessMemory or WriteProcessMemory request was completed. (0x12B)
[0326/225945.701:ERROR:process_memory_win.cc(73)] ReadMemory at 0x2044d2887e0 of 146 bytes failed: Only part of a ReadProcessMemory or WriteProcessMemory request was completed. (0x12B)
[0326/225945.701:ERROR:process_memory_win.cc(73)] ReadMemory at 0x2044d2888c0 of 132 bytes failed: Only part of a ReadProcessMemory or WriteProcessMemory request was completed. (0x12B)
[0326/225945.702:ERROR:process_memory_win.cc(73)] ReadMemory at 0x2044d288a50 of 60 bytes failed: Only part of a ReadProcessMemory or WriteProcessMemory request was completed. (0x12B)
[0326/225945.702:ERROR:process_memory_win.cc(73)] ReadMemory at 0x2044d2898c0 of 132 bytes failed: Only part of a ReadProcessMemory or WriteProcessMemory request was completed. (0x12B)
[0326/225945.702:ERROR:process_memory_win.cc(73)] ReadMemory at 0x2044d28a4e0 of 132 bytes failed: Only part of a ReadProcessMemory or WriteProcessMemory request was completed. (0x12B)
[0326/225945.702:ERROR:process_memory_win.cc(73)] ReadMemory at 0x2044d28cb30 of 132 bytes failed: Only part of a ReadProcessMemory or WriteProcessMemory request was completed. (0x12B)
[0326/225945.702:ERROR:process_memory_win.cc(73)] ReadMemory at 0x2044d28ce50 of 132 bytes failed: Only part of a ReadProcessMemory or WriteProcessMemory request was completed. (0x12B)
[0326/225945.702:ERROR:process_memory_win.cc(73)] ReadMemory at 0x2044d28d3e0 of 64 bytes failed: Only part of a ReadProcessMemory or WriteProcessMemory request was completed. (0x12B)
[0326/225945.702:ERROR:process_memory_win.cc(73)] ReadMemory at 0x2044d28d520 of 66 bytes failed: Only part of a ReadProcessMemory or WriteProcessMemory request was completed. (0x12B)
[0326/225945.702:ERROR:process_memory_win.cc(73)] ReadMemory at 0x2044d28d570 of 64 bytes failed: Only part of a ReadProcessMemory or WriteProcessMemory request was completed. (0x12B)
[0326/225945.702:ERROR:process_memory_win.cc(73)] ReadMemory at 0x2044d28d6b0 of 64 bytes failed: Only part of a ReadProcessMemory or WriteProcessMemory request was completed. (0x12B)
[0326/225945.702:ERROR:process_memory_win.cc(73)] ReadMemory at 0x2044d28d840 of 64 bytes failed: Only part of a ReadProcessMemory or WriteProcessMemory request was completed. (0x12B)
[0326/225945.702:ERROR:process_memory_win.cc(73)] ReadMemory at 0x2044d28d930 of 60 bytes failed: Only part of a ReadProcessMemory or WriteProcessMemory request was completed. (0x12B)
[0326/225945.702:ERROR:process_memory_win.cc(73)] ReadMemory at 0x2044d28da20 of 62 bytes failed: Only part of a ReadProcessMemory or WriteProcessMemory request was completed. (0x12B)
[0326/225945.702:ERROR:process_memory_win.cc(73)] ReadMemory at 0x2044d28da70 of 62 bytes failed: Only part of a ReadProcessMemory or WriteProcessMemory request was completed. (0x12B)
[0326/225945.703:ERROR:process_memory_win.cc(73)] ReadMemory at 0x2044d28dac0 of 60 bytes failed: Only part of a ReadProcessMemory or WriteProcessMemory request was completed. (0x12B)
[0326/225945.703:ERROR:process_memory_win.cc(73)] ReadMemory at 0x2044d28e070 of 76 bytes failed: Only part of a ReadProcessMemory or WriteProcessMemory request was completed. (0x12B)
[0326/225945.703:ERROR:process_memory_win.cc(73)] ReadMemory at 0x2044d28e730 of 80 bytes failed: Only part of a ReadProcessMemory or WriteProcessMemory request was completed. (0x12B)
[0326/225945.703:ERROR:process_memory_win.cc(73)] ReadMemory at 0x2044d291e40 of 54 bytes failed: Only part of a ReadProcessMemory or WriteProcessMemory request was completed. (0x12B)
[0326/225945.703:ERROR:process_memory_win.cc(73)] ReadMemory at 0x2044d293610 of 132 bytes failed: Only part of a ReadProcessMemory or WriteProcessMemory request was completed. (0x12B)
[0326/225945.703:ERROR:process_memory_win.cc(73)] ReadMemory at 0x2044d294e60 of 132 bytes failed: Only part of a ReadProcessMemory or WriteProcessMemory request was completed. (0x12B)
[0326/225945.703:ERROR:process_memory_win.cc(73)] ReadMemory at 0x2044d294f90 of 132 bytes failed: Only part of a ReadProcessMemory or WriteProcessMemory request was completed. (0x12B)
[0326/225945.703:ERROR:process_memory_win.cc(73)] ReadMemory at 0x2044d2950c0 of 132 bytes failed: Only part of a ReadProcessMemory or WriteProcessMemory request was completed. (0x12B)
[0326/225945.703:ERROR:process_memory_win.cc(73)] ReadMemory at 0x2044d2951f0 of 132 bytes failed: Only part of a ReadProcessMemory or WriteProcessMemory request was completed. (0x12B)
[0326/225945.703:ERROR:process_memory_win.cc(73)] ReadMemory at 0x2044d295320 of 132 bytes failed: Only part of a ReadProcessMemory or WriteProcessMemory request was completed. (0x12B)
[0326/225945.703:ERROR:process_memory_win.cc(73)] ReadMemory at 0x2044d295450 of 132 bytes failed: Only part of a ReadProcessMemory or WriteProcessMemory request was completed. (0x12B)
[0326/225945.703:ERROR:process_memory_win.cc(73)] ReadMemory at 0x2044d295580 of 132 bytes failed: Only part of a ReadProcessMemory or WriteProcessMemory request was completed. (0x12B)
[0326/225945.703:ERROR:process_memory_win.cc(73)] ReadMemory at 0x2044d2956b0 of 132 bytes failed: Only part of a ReadProcessMemory or WriteProcessMemory request was completed. (0x12B)
[0326/225945.704:ERROR:process_memory_win.cc(73)] ReadMemory at 0x2044d2957e0 of 132 bytes failed: Only part of a ReadProcessMemory or WriteProcessMemory request was completed. (0x12B)
[0326/225945.704:ERROR:process_memory_win.cc(73)] ReadMemory at 0x2044d295910 of 132 bytes failed: Only part of a ReadProcessMemory or WriteProcessMemory request was completed. (0x12B)
[0326/225945.704:ERROR:process_memory_win.cc(73)] ReadMemory at 0x2044d295a40 of 132 bytes failed: Only part of a ReadProcessMemory or WriteProcessMemory request was completed. (0x12B)
[0326/225945.704:ERROR:process_memory_win.cc(73)] ReadMemory at 0x2044d295ca0 of 132 bytes failed: Only part of a ReadProcessMemory or WriteProcessMemory request was completed. (0x12B)
[0326/225945.704:ERROR:process_memory_win.cc(73)] ReadMemory at 0x2044d296b40 of 132 bytes failed: Only part of a ReadProcessMemory or WriteProcessMemory request was completed. (0x12B)
[0326/225945.704:ERROR:process_memory_win.cc(73)] ReadMemory at 0x2044d298aa0 of 132 bytes failed: Only part of a ReadProcessMemory or WriteProcessMemory request was completed. (0x12B)
[0326/225945.704:ERROR:process_memory_win.cc(73)] ReadMemory at 0x2044d298e00 of 132 bytes failed: Only part of a ReadProcessMemory or WriteProcessMemory request was completed. (0x12B)
[0326/225945.704:ERROR:process_memory_win.cc(73)] ReadMemory at 0x2044d298f80 of 64 bytes failed: Only part of a ReadProcessMemory or WriteProcessMemory request was completed. (0x12B)
[0326/225945.704:ERROR:process_memory_win.cc(73)] ReadMemory at 0x2044d299070 of 58 bytes failed: Only part of a ReadProcessMemory or WriteProcessMemory request was completed. (0x12B)
[0326/225945.704:ERROR:process_memory_win.cc(73)] ReadMemory at 0x2044d2990c0 of 66 bytes failed: Only part of a ReadProcessMemory or WriteProcessMemory request was completed. (0x12B)
[0326/225945.704:ERROR:process_memory_win.cc(73)] ReadMemory at 0x2044d299110 of 62 bytes failed: Only part of a ReadProcessMemory or WriteProcessMemory request was completed. (0x12B)
[0326/225945.704:ERROR:process_memory_win.cc(73)] ReadMemory at 0x2044d299160 of 60 bytes failed: Only part of a ReadProcessMemory or WriteProcessMemory request was completed. (0x12B)
[0326/225945.704:ERROR:process_memory_win.cc(73)] ReadMemory at 0x2044d2991b0 of 60 bytes failed: Only part of a ReadProcessMemory or WriteProcessMemory request was completed. (0x12B)
[0326/225945.705:ERROR:process_memory_win.cc(73)] ReadMemory at 0x2044d2992a0 of 62 bytes failed: Only part of a ReadProcessMemory or WriteProcessMemory request was completed. (0x12B)
[0326/225945.705:ERROR:process_memory_win.cc(73)] ReadMemory at 0x2044d2992f0 of 62 bytes failed: Only part of a ReadProcessMemory or WriteProcessMemory request was completed. (0x12B)
[0326/225945.705:ERROR:process_memory_win.cc(73)] ReadMemory at 0x2044d299480 of 64 bytes failed: Only part of a ReadProcessMemory or WriteProcessMemory request was completed. (0x12B)
[0326/225945.705:ERROR:process_memory_win.cc(73)] ReadMemory at 0x2044d2995c0 of 62 bytes failed: Only part of a ReadProcessMemory or WriteProcessMemory request was completed. (0x12B)
[0326/225945.705:ERROR:process_memory_win.cc(73)] ReadMemory at 0x2044d299660 of 64 bytes failed: Only part of a ReadProcessMemory or WriteProcessMemory request was completed. (0x12B)
[0326/225945.705:ERROR:process_memory_win.cc(73)] ReadMemory at 0x2044d2997a0 of 62 bytes failed: Only part of a ReadProcessMemory or WriteProcessMemory request was completed. (0x12B)
[0326/225945.705:ERROR:process_memory_win.cc(73)] ReadMemory at 0x2044d299840 of 62 bytes failed: Only part of a ReadProcessMemory or WriteProcessMemory request was completed. (0x12B)
[0326/225945.705:ERROR:process_memory_win.cc(73)] ReadMemory at 0x2044d299890 of 60 bytes failed: Only part of a ReadProcessMemory or WriteProcessMemory request was completed. (0x12B)
[0326/225945.705:ERROR:process_memory_win.cc(73)] ReadMemory at 0x2044d299b10 of 62 bytes failed: Only part of a ReadProcessMemory or WriteProcessMemory request was completed. (0x12B)
[0326/225945.705:ERROR:process_memory_win.cc(73)] ReadMemory at 0x2044d299b60 of 64 bytes failed: Only part of a ReadProcessMemory or WriteProcessMemory request was completed. (0x12B)
[0326/225945.705:ERROR:process_memory_win.cc(73)] ReadMemory at 0x2044d299bb0 of 60 bytes failed: Only part of a ReadProcessMemory or WriteProcessMemory request was completed. (0x12B)
[0326/225945.705:ERROR:process_memory_win.cc(73)] ReadMemory at 0x2044d299d90 of 62 bytes failed: Only part of a ReadProcessMemory or WriteProcessMemory request was completed. (0x12B)
[0326/225945.705:ERROR:process_memory_win.cc(73)] ReadMemory at 0x2044d29a1f0 of 132 bytes failed: Only part of a ReadProcessMemory or WriteProcessMemory request was completed. (0x12B)
[0326/225945.706:ERROR:process_memory_win.cc(73)] ReadMemory at 0x2044d29a320 of 132 bytes failed: Only part of a ReadProcessMemory or WriteProcessMemory request was completed. (0x12B)
[0326/225945.706:ERROR:process_memory_win.cc(73)] ReadMemory at 0x2044d29a450 of 132 bytes failed: Only part of a ReadProcessMemory or WriteProcessMemory request was completed. (0x12B)
[0326/225945.706:ERROR:process_memory_win.cc(73)] ReadMemory at 0x2044d29add0 of 132 bytes failed: Only part of a ReadProcessMemory or WriteProcessMemory request was completed. (0x12B)
[0326/225945.706:ERROR:process_memory_win.cc(73)] ReadMemory at 0x2044d29b160 of 132 bytes failed: Only part of a ReadProcessMemory or WriteProcessMemory request was completed. (0x12B)
[0326/225945.706:ERROR:process_memory_win.cc(73)] ReadMemory at 0x2044d29b290 of 132 bytes failed: Only part of a ReadProcessMemory or WriteProcessMemory request was completed. (0x12B)
[0326/225945.706:ERROR:process_memory_win.cc(73)] ReadMemory at 0x2044d29b3c0 of 132 bytes failed: Only part of a ReadProcessMemory or WriteProcessMemory request was completed. (0x12B)
[0326/225945.706:ERROR:process_memory_win.cc(73)] ReadMemory at 0x2044d29b620 of 132 bytes failed: Only part of a ReadProcessMemory or WriteProcessMemory request was completed. (0x12B)
[0326/225945.706:ERROR:process_memory_win.cc(73)] ReadMemory at 0x2044d29b9b0 of 132 bytes failed: Only part of a ReadProcessMemory or WriteProcessMemory request was completed. (0x12B)
[0326/225945.706:ERROR:process_memory_win.cc(73)] ReadMemory at 0x2044d29bc10 of 132 bytes failed: Only part of a ReadProcessMemory or WriteProcessMemory request was completed. (0x12B)
[0326/225945.706:ERROR:process_memory_win.cc(73)] ReadMemory at 0x2044d2b2580 of 512 bytes failed: Only part of a ReadProcessMemory or WriteProcessMemory request was completed. (0x12B)
[0326/225945.706:ERROR:process_memory_win.cc(73)] ReadMemory at 0x2044d2b34e0 of 512 bytes failed: Only part of a ReadProcessMemory or WriteProcessMemory request was completed. (0x12B)
[0326/225945.706:ERROR:process_memory_win.cc(73)] ReadMemory at 0x2044d560d00 of 512 bytes failed: Only part of a ReadProcessMemory or WriteProcessMemory request was completed. (0x12B)
[0326/225945.707:ERROR:process_memory_win.cc(73)] ReadMemory at 0x2044d5622c0 of 512 bytes failed: Only part of a ReadProcessMemory or WriteProcessMemory request was completed. (0x12B)
[0326/225945.707:ERROR:process_memory_win.cc(73)] ReadMemory at 0x2044d6948c0 of 512 bytes failed: Only part of a ReadProcessMemory or WriteProcessMemory request was completed. (0x12B)
[0326/225945.707:ERROR:process_memory_win.cc(73)] ReadMemory at 0x2044d696230 of 512 bytes failed: Only part of a ReadProcessMemory or WriteProcessMemory request was completed. (0x12B)
[0326/225945.707:ERROR:process_memory_win.cc(73)] ReadMemory at 0x2044d6c4370 of 712 bytes failed: Only part of a ReadProcessMemory or WriteProcessMemory request was completed. (0x12B)
[0326/225945.707:ERROR:process_memory_win.cc(73)] ReadMemory at 0x2044d6e36a0 of 512 bytes failed: Only part of a ReadProcessMemory or WriteProcessMemory request was completed. (0x12B)
[0326/225945.707:ERROR:process_memory_win.cc(73)] ReadMemory at 0x2044f5340e8 of 512 bytes failed: Only part of a ReadProcessMemory or WriteProcessMemory request was completed. (0x12B)
[0326/225945.707:ERROR:process_memory_win.cc(73)] ReadMemory at 0x2044f56ba60 of 512 bytes failed: Only part of a ReadProcessMemory or WriteProcessMemory request was completed. (0x12B)
[0326/225945.707:ERROR:process_memory_win.cc(73)] ReadMemory at 0x2044f571ce0 of 512 bytes failed: Only part of a ReadProcessMemory or WriteProcessMemory request was completed. (0x12B)
[0326/225945.707:ERROR:process_memory_win.cc(73)] ReadMemory at 0x2044f588548 of 512 bytes failed: Only part of a ReadProcessMemory or WriteProcessMemory request was completed. (0x12B)
[0326/225945.707:ERROR:process_memory_win.cc(73)] ReadMemory at 0x2044f588d28 of 800 bytes failed: Only part of a ReadProcessMemory or WriteProcessMemory request was completed. (0x12B)
[0326/225945.707:ERROR:process_memory_win.cc(73)] ReadMemory at 0x2044f714620 of 512 bytes failed: Only part of a ReadProcessMemory or WriteProcessMemory request was completed. (0x12B)
[0326/225945.708:ERROR:process_memory_win.cc(73)] ReadMemory at 0x20450c79ee0 of 512 bytes failed: Only part of a ReadProcessMemory or WriteProcessMemory request was completed. (0x12B)
[0326/225945.708:ERROR:process_memory_win.cc(73)] ReadMemory at 0x20450f7dbf0 of 512 bytes failed: Only part of a ReadProcessMemory or WriteProcessMemory request was completed. (0x12B)
[0326/225945.708:ERROR:process_memory_win.cc(73)] ReadMemory at 0x49e00000000 of 384 bytes failed: Only part of a ReadProcessMemory or WriteProcessMemory request was completed. (0x12B)
[0326/225945.708:ERROR:process_memory_win.cc(73)] ReadMemory at 0x49e12cee235 of 512 bytes failed: Only part of a ReadProcessMemory or WriteProcessMemory request was completed. (0x12B)
[0326/225945.708:ERROR:process_memory_win.cc(73)] ReadMemory at 0x699201b417c0 of 512 bytes failed: Only part of a ReadProcessMemory or WriteProcessMemory request was completed. (0x12B)
[0326/225945.708:ERROR:process_memory_win.cc(73)] ReadMemory at 0x776a76e417c0 of 512 bytes failed: Only part of a ReadProcessMemory or WriteProcessMemory request was completed. (0x12B)
[0326/225945.708:ERROR:process_memory_win.cc(73)] ReadMemory at 0x7ff89d350000 of 384 bytes failed: Only part of a ReadProcessMemory or WriteProcessMemory request was completed. (0x12B)
[0326/225945.708:ERROR:process_memory_win.cc(73)] ReadMemory at 0x7ff89efc6b63 of 512 bytes failed: Only part of a ReadProcessMemory or WriteProcessMemory request was completed. (0x12B)
[0326/225945.708:ERROR:process_memory_win.cc(73)] ReadMemory at 0x7ff89f0717f0 of 512 bytes failed: Only part of a ReadProcessMemory or WriteProcessMemory request was completed. (0x12B)
[0326/225945.708:ERROR:process_memory_win.cc(73)] ReadMemory at 0x7ff89fa14bf4 of 512 bytes failed: Only part of a ReadProcessMemory or WriteProcessMemory request was completed. (0x12B)
[0326/225945.708:ERROR:process_memory_win.cc(73)] ReadMemory at 0x7ff8a3922c6c of 512 bytes failed: Only part of a ReadProcessMemory or WriteProcessMemory request was completed. (0x12B)
[0326/225945.708:ERROR:process_memory_win.cc(73)] ReadMemory at 0x7ff8e4afa7d9 of 512 bytes failed: Only part of a ReadProcessMemory or WriteProcessMemory request was completed. (0x12B)
[0326/225945.708:ERROR:process_memory_win.cc(73)] ReadMemory at 0x7ff8e79bc0c4 of 672 bytes failed: Only part of a ReadProcessMemory or WriteProcessMemory request was completed. (0x12B)
[0326/225945.709:ERROR:process_memory_win.cc(73)] ReadMemory at 0x7ff8e79bc6c4 of 512 bytes failed: Only part of a ReadProcessMemory or WriteProcessMemory request was completed. (0x12B)
[0326/225945.709:ERROR:process_memory_win.cc(73)] ReadMemory at 0x7ff8e79bf974 of 608 bytes failed: Only part of a ReadProcessMemory or WriteProcessMemory request was completed. (0x12B)
[0326/225945.709:ERROR:process_memory_win.cc(73)] ReadMemory at 0x7ff8e7a4c428 of 18 bytes failed: Only part of a ReadProcessMemory or WriteProcessMemory request was completed. (0x12B)
[0326/225945.709:ERROR:process_memory_win.cc(73)] ReadMemory at 0x7ff8e7a7f4f8 of 40 bytes failed: Only part of a ReadProcessMemory or WriteProcessMemory request was completed. (0x12B)
[0326/225945.709:ERROR:process_memory_win.cc(73)] ReadMemory at 0x7ff8e7a7f978 of 48 bytes failed: Only part of a ReadProcessMemory or WriteProcessMemory request was completed. (0x12B)
[0326/225945.709:ERROR:process_memory_win.cc(73)] ReadMemory at 0x7ff8e7a853c0 of 64 bytes failed: Only part of a ReadProcessMemory or WriteProcessMemory request was completed. (0x12B)
[0326/225945.712:ERROR:scoped_process_suspend.cc(40)] NtResumeProcess: An attempt was made to access an exiting process. (0xc000010a)
